[38936] 15 Nov 18:51:51 * Server started, Redis version 1.3.10
[38936] 15 Nov 18:51:51 * The server is now ready to accept connections on port 6379
[38936] 15 Nov 18:51:51 - 0 clients connected (0 slaves), 1069232 bytes in use
[38936] 15 Nov 18:51:56 - 0 clients connected (0 slaves), 1069232 bytes in use
[38936] 15 Nov 18:52:01 - 0 clients connected (0 slaves), 1069232 bytes in use
[38936] 15 Nov 18:52:06 - 0 clients connected (0 slaves), 1069232 bytes in use
[38936] 15 Nov 18:52:11 - 0 clients connected (0 slaves), 1069232 bytes in use
[38936] 15 Nov 18:52:16 - 0 clients connected (0 slaves), 1069232 bytes in use
[38936] 15 Nov 18:52:21 - 0 clients connected (0 slaves), 1069232 bytes in use
[38936] 15 Nov 18:52:26 - 0 clients connected (0 slaves), 1069232 bytes in use
[38936] 15 Nov 18:52:31 - 0 clients connected (0 slaves), 1069232 bytes in use
[38936] 15 Nov 18:52:36 - 0 clients connected (0 slaves), 1069232 bytes in use
[38936] 15 Nov 18:52:41 - 0 clients connected (0 slaves), 1069232 bytes in use
[38936] 15 Nov 18:52:46 - 0 clients connected (0 slaves), 1069232 bytes in use
[38936] 15 Nov 18:52:51 - 0 clients connected (0 slaves), 1069232 bytes in use
[38936] 15 Nov 18:52:56 - 0 clients connected (0 slaves), 1069232 bytes in use
[38936] 15 Nov 18:53:01 - 0 clients connected (0 slaves), 1069232 bytes in use
[38936] 15 Nov 18:53:06 - 0 clients connected (0 slaves), 1069232 bytes in use
[38936] 15 Nov 18:53:11 - 0 clients connected (0 slaves), 1069232 bytes in use
[38936] 15 Nov 18:53:16 - 0 clients connected (0 slaves), 1069232 bytes in use
[38936] 15 Nov 18:53:21 - 0 clients connected (0 slaves), 1069232 bytes in use
[38936] 15 Nov 18:53:26 - 0 clients connected (0 slaves), 1069232 bytes in use
[38936] 15 Nov 18:53:31 - 0 clients connected (0 slaves), 1069232 bytes in use
[38936] 15 Nov 18:53:36 - 0 clients connected (0 slaves), 1069232 bytes in use
[38936] 15 Nov 18:53:41 - 0 clients connected (0 slaves), 1069232 bytes in use
[38936] 15 Nov 18:53:46 - 0 clients connected (0 slaves), 1069232 bytes in use
[38936] 15 Nov 18:53:51 - 0 clients connected (0 slaves), 1069232 bytes in use
[38936] 15 Nov 18:53:56 - 0 clients connected (0 slaves), 1069232 bytes in use
[38936] 15 Nov 18:54:01 - 0 clients connected (0 slaves), 1069232 bytes in use
[38936] 15 Nov 18:54:06 - 0 clients connected (0 slaves), 1069232 bytes in use
[38936] 15 Nov 18:54:11 - 0 clients connected (0 slaves), 1069232 bytes in use
[38936] 15 Nov 18:54:16 - 0 clients connected (0 slaves), 1069232 bytes in use
[38936] 15 Nov 18:54:21 - 0 clients connected (0 slaves), 1069232 bytes in use
[38936] 15 Nov 18:54:26 - 0 clients connected (0 slaves), 1069232 bytes in use
[38936] 15 Nov 18:54:31 - 0 clients connected (0 slaves), 1069232 bytes in use
[38936] 15 Nov 18:54:36 - 0 clients connected (0 slaves), 1069232 bytes in use
[38936] 15 Nov 18:54:41 - 0 clients connected (0 slaves), 1069232 bytes in use
[38936] 15 Nov 18:54:46 - 0 clients connected (0 slaves), 1069232 bytes in use
[38936] 15 Nov 18:54:51 - 0 clients connected (0 slaves), 1069232 bytes in use
[38936] 15 Nov 18:54:56 - 0 clients connected (0 slaves), 1069232 bytes in use
[38936] 15 Nov 18:55:01 - 0 clients connected (0 slaves), 1069232 bytes in use
[38936] 15 Nov 18:55:06 - 0 clients connected (0 slaves), 1069232 bytes in use
[38936] 15 Nov 18:55:11 - 0 clients connected (0 slaves), 1069232 bytes in use
[38936] 15 Nov 18:55:16 - 0 clients connected (0 slaves), 1069232 bytes in use
[38936] 15 Nov 18:55:21 - 0 clients connected (0 slaves), 1069232 bytes in use
[38936] 15 Nov 18:55:26 - 0 clients connected (0 slaves), 1069232 bytes in use
[38936] 15 Nov 18:55:31 - 0 clients connected (0 slaves), 1069232 bytes in use
[38936] 15 Nov 18:55:31 - Accepted 127.0.0.1:53446
[38936] 15 Nov 18:55:31 * DB saved on disk
[38936] 15 Nov 18:55:31 - Accepted 127.0.0.1:53447
[38936] 15 Nov 18:55:31 - Client closed connection
[38936] 15 Nov 18:55:31 - Client closed connection
[38936] 15 Nov 18:55:36 - DB 0: 2 keys (0 volatile) in 4 slots HT.
[38936] 15 Nov 18:55:36 - 0 clients connected (0 slaves), 1069952 bytes in use
[38936] 15 Nov 18:55:41 - DB 0: 2 keys (0 volatile) in 4 slots HT.
[38936] 15 Nov 18:55:41 - 0 clients connected (0 slaves), 1069952 bytes in use
[38936] 15 Nov 18:55:46 - DB 0: 2 keys (0 volatile) in 4 slots HT.
[38936] 15 Nov 18:55:46 - 0 clients connected (0 slaves), 1069952 bytes in use
[38936] 15 Nov 18:55:51 - DB 0: 2 keys (0 volatile) in 4 slots HT.
[38936] 15 Nov 18:55:51 - 0 clients connected (0 slaves), 1069952 bytes in use
[38936] 15 Nov 18:55:56 - DB 0: 2 keys (0 volatile) in 4 slots HT.
[38936] 15 Nov 18:55:56 - 0 clients connected (0 slaves), 1069952 bytes in use
[38936] 15 Nov 18:56:01 - DB 0: 2 keys (0 volatile) in 4 slots HT.
[38936] 15 Nov 18:56:01 - 0 clients connected (0 slaves), 1069952 bytes in use
[38936] 15 Nov 18:56:06 - DB 0: 2 keys (0 volatile) in 4 slots HT.
[38936] 15 Nov 18:56:06 - 0 clients connected (0 slaves), 1069952 bytes in use
[38936] 15 Nov 18:56:11 - DB 0: 2 keys (0 volatile) in 4 slots HT.
[38936] 15 Nov 18:56:11 - 0 clients connected (0 slaves), 1069952 bytes in use
[38936] 15 Nov 18:56:16 - DB 0: 2 keys (0 volatile) in 4 slots HT.
[38936] 15 Nov 18:56:16 - 0 clients connected (0 slaves), 1069952 bytes in use
[38936] 15 Nov 18:56:21 - DB 0: 2 keys (0 volatile) in 4 slots HT.
[38936] 15 Nov 18:56:21 - 0 clients connected (0 slaves), 1069952 bytes in use
[38936] 15 Nov 18:56:26 - DB 0: 2 keys (0 volatile) in 4 slots HT.
[38936] 15 Nov 18:56:26 - 0 clients connected (0 slaves), 1069952 bytes in use
[38936] 15 Nov 18:56:31 - DB 0: 2 keys (0 volatile) in 4 slots HT.
[38936] 15 Nov 18:56:31 - 0 clients connected (0 slaves), 1069952 bytes in use
[38936] 15 Nov 18:56:36 - DB 0: 2 keys (0 volatile) in 4 slots HT.
[38936] 15 Nov 18:56:36 - 0 clients connected (0 slaves), 1069952 bytes in use
[38936] 15 Nov 18:56:41 - DB 0: 2 keys (0 volatile) in 4 slots HT.
[38936] 15 Nov 18:56:41 - 0 clients connected (0 slaves), 1069952 bytes in use
[38936] 15 Nov 18:56:46 - DB 0: 2 keys (0 volatile) in 4 slots HT.
[38936] 15 Nov 18:56:46 - 0 clients connected (0 slaves), 1069952 bytes in use
[38936] 15 Nov 18:56:51 - DB 0: 2 keys (0 volatile) in 4 slots HT.
[38936] 15 Nov 18:56:51 - 0 clients connected (0 slaves), 1069952 bytes in use
[38936] 15 Nov 18:56:56 - DB 0: 2 keys (0 volatile) in 4 slots HT.
[38936] 15 Nov 18:56:56 - 0 clients connected (0 slaves), 1069952 bytes in use
[38936] 15 Nov 18:57:01 - DB 0: 2 keys (0 volatile) in 4 slots HT.
[38936] 15 Nov 18:57:01 - 0 clients connected (0 slaves), 1069952 bytes in use
[38936] 15 Nov 18:57:06 - DB 0: 2 keys (0 volatile) in 4 slots HT.
[38936] 15 Nov 18:57:06 - 0 clients connected (0 slaves), 1069952 bytes in use
[38936] 15 Nov 18:57:11 - DB 0: 2 keys (0 volatile) in 4 slots HT.
[38936] 15 Nov 18:57:11 - 0 clients connected (0 slaves), 1069952 bytes in use
[38936] 15 Nov 18:57:16 - DB 0: 2 keys (0 volatile) in 4 slots HT.
[38936] 15 Nov 18:57:16 - 0 clients connected (0 slaves), 1069952 bytes in use
[38936] 15 Nov 18:57:21 - Accepted 127.0.0.1:53449
[38936] 15 Nov 18:57:21 * DB saved on disk
[38936] 15 Nov 18:57:21 - Accepted 127.0.0.1:53450
[38936] 15 Nov 18:57:21 - Client closed connection
[38936] 15 Nov 18:57:21 - Client closed connection
[38936] 15 Nov 18:57:21 - DB 0: 2 keys (0 volatile) in 4 slots HT.
[38936] 15 Nov 18:57:21 - 0 clients connected (0 slaves), 1070080 bytes in use
[38936] 15 Nov 18:57:26 - DB 0: 2 keys (0 volatile) in 4 slots HT.
[38936] 15 Nov 18:57:26 - 0 clients connected (0 slaves), 1070080 bytes in use
[38936] 15 Nov 18:57:31 - DB 0: 2 keys (0 volatile) in 4 slots HT.
[38936] 15 Nov 18:57:31 - 0 clients connected (0 slaves), 1070080 bytes in use
[38936] 15 Nov 18:57:36 - DB 0: 2 keys (0 volatile) in 4 slots HT.
[38936] 15 Nov 18:57:36 - 0 clients connected (0 slaves), 1070080 bytes in use
[38936] 15 Nov 18:57:41 - DB 0: 2 keys (0 volatile) in 4 slots HT.
[38936] 15 Nov 18:57:41 - 0 clients connected (0 slaves), 1070080 bytes in use
[38936] 15 Nov 18:57:46 - DB 0: 2 keys (0 volatile) in 4 slots HT.
[38936] 15 Nov 18:57:46 - 0 clients connected (0 slaves), 1070080 bytes in use
[38936] 15 Nov 18:57:51 - DB 0: 2 keys (0 volatile) in 4 slots HT.
[38936] 15 Nov 18:57:51 - 0 clients connected (0 slaves), 1070080 bytes in use
[38936] 15 Nov 18:57:56 - DB 0: 2 keys (0 volatile) in 4 slots HT.
[38936] 15 Nov 18:57:56 - 0 clients connected (0 slaves), 1070080 bytes in use
[38936] 15 Nov 18:58:01 - DB 0: 2 keys (0 volatile) in 4 slots HT.
[38936] 15 Nov 18:58:01 - 0 clients connected (0 slaves), 1070080 bytes in use
[38936] 15 Nov 18:58:06 - DB 0: 2 keys (0 volatile) in 4 slots HT.
[38936] 15 Nov 18:58:06 - 0 clients connected (0 slaves), 1070080 bytes in use
[38936] 15 Nov 18:58:11 - DB 0: 2 keys (0 volatile) in 4 slots HT.
[38936] 15 Nov 18:58:11 - 0 clients connected (0 slaves), 1070080 bytes in use
[38936] 15 Nov 18:58:16 - DB 0: 2 keys (0 volatile) in 4 slots HT.
[38936] 15 Nov 18:58:16 - 0 clients connected (0 slaves), 1070080 bytes in use
[38936] 15 Nov 18:58:21 - DB 0: 2 keys (0 volatile) in 4 slots HT.
[38936] 15 Nov 18:58:21 - 0 clients connected (0 slaves), 1070080 bytes in use
[38936] 15 Nov 18:58:26 - DB 0: 2 keys (0 volatile) in 4 slots HT.
[38936] 15 Nov 18:58:26 - 0 clients connected (0 slaves), 1070080 bytes in use
[38936] 15 Nov 18:58:31 - DB 0: 2 keys (0 volatile) in 4 slots HT.
[38936] 15 Nov 18:58:31 - 0 clients connected (0 slaves), 1070080 bytes in use
[38936] 15 Nov 18:58:36 - DB 0: 2 keys (0 volatile) in 4 slots HT.
[38936] 15 Nov 18:58:36 - 0 clients connected (0 slaves), 1070080 bytes in use
[38936] 15 Nov 18:58:41 - DB 0: 2 keys (0 volatile) in 4 slots HT.
[38936] 15 Nov 18:58:41 - 0 clients connected (0 slaves), 1070080 bytes in use
[38936] 15 Nov 18:58:46 - DB 0: 2 keys (0 volatile) in 4 slots HT.
[38936] 15 Nov 18:58:46 - 0 clients connected (0 slaves), 1070080 bytes in use
[38936] 15 Nov 18:58:51 - DB 0: 2 keys (0 volatile) in 4 slots HT.
[38936] 15 Nov 18:58:51 - 0 clients connected (0 slaves), 1070080 bytes in use
[38936] 15 Nov 18:58:56 - DB 0: 2 keys (0 volatile) in 4 slots HT.
[38936] 15 Nov 18:58:56 - 0 clients connected (0 slaves), 1070080 bytes in use
[38936] 15 Nov 18:59:01 - DB 0: 2 keys (0 volatile) in 4 slots HT.
[38936] 15 Nov 18:59:01 - 0 clients connected (0 slaves), 1070080 bytes in use
[38936] 15 Nov 18:59:06 - DB 0: 2 keys (0 volatile) in 4 slots HT.
[38936] 15 Nov 18:59:06 - 0 clients connected (0 slaves), 1070080 bytes in use
[38936] 15 Nov 18:59:09 - Accepted 127.0.0.1:53454
[38936] 15 Nov 18:59:09 * DB saved on disk
[38936] 15 Nov 18:59:09 - Client closed connection
[38936] 15 Nov 18:59:11 - DB 0: 2 keys (0 volatile) in 4 slots HT.
[38936] 15 Nov 18:59:11 - 0 clients connected (0 slaves), 1070080 bytes in use
[38936] 15 Nov 18:59:16 - DB 0: 2 keys (0 volatile) in 4 slots HT.
[38936] 15 Nov 18:59:16 - 0 clients connected (0 slaves), 1070080 bytes in use
[38936] 15 Nov 18:59:21 - DB 0: 2 keys (0 volatile) in 4 slots HT.
[38936] 15 Nov 18:59:21 - 0 clients connected (0 slaves), 1070080 bytes in use
[38936] 15 Nov 18:59:26 - DB 0: 2 keys (0 volatile) in 4 slots HT.
[38936] 15 Nov 18:59:26 - 0 clients connected (0 slaves), 1070080 bytes in use
[38936] 15 Nov 18:59:31 - DB 0: 2 keys (0 volatile) in 4 slots HT.
[38936] 15 Nov 18:59:31 - 0 clients connected (0 slaves), 1070080 bytes in use
[38936] 15 Nov 18:59:36 - DB 0: 2 keys (0 volatile) in 4 slots HT.
[38936] 15 Nov 18:59:36 - 0 clients connected (0 slaves), 1070080 bytes in use
[38936] 15 Nov 18:59:41 - DB 0: 2 keys (0 volatile) in 4 slots HT.
[38936] 15 Nov 18:59:41 - 0 clients connected (0 slaves), 1070080 bytes in use
[38936] 15 Nov 18:59:46 - DB 0: 2 keys (0 volatile) in 4 slots HT.
[38936] 15 Nov 18:59:46 - 0 clients connected (0 slaves), 1070080 bytes in use
[38936] 15 Nov 18:59:52 - DB 0: 2 keys (0 volatile) in 4 slots HT.
[38936] 15 Nov 18:59:52 - 0 clients connected (0 slaves), 1070080 bytes in use
[38936] 15 Nov 18:59:57 - DB 0: 2 keys (0 volatile) in 4 slots HT.
[38936] 15 Nov 18:59:57 - 0 clients connected (0 slaves), 1070080 bytes in use
[38936] 15 Nov 19:00:02 - DB 0: 2 keys (0 volatile) in 4 slots HT.
[38936] 15 Nov 19:00:02 - 0 clients connected (0 slaves), 1070080 bytes in use
[38936] 15 Nov 19:00:07 - DB 0: 2 keys (0 volatile) in 4 slots HT.
[38936] 15 Nov 19:00:07 - 0 clients connected (0 slaves), 1070080 bytes in use
[38936] 15 Nov 19:00:12 - DB 0: 2 keys (0 volatile) in 4 slots HT.
[38936] 15 Nov 19:00:12 - 0 clients connected (0 slaves), 1070080 bytes in use
[38936] 15 Nov 19:00:17 - DB 0: 2 keys (0 volatile) in 4 slots HT.
[38936] 15 Nov 19:00:17 - 0 clients connected (0 slaves), 1070080 bytes in use
[38936] 15 Nov 19:00:22 - DB 0: 2 keys (0 volatile) in 4 slots HT.
[38936] 15 Nov 19:00:22 - 0 clients connected (0 slaves), 1070080 bytes in use
[38936] 15 Nov 19:00:27 - DB 0: 2 keys (0 volatile) in 4 slots HT.
[38936] 15 Nov 19:00:27 - 0 clients connected (0 slaves), 1070080 bytes in use
[38936] 15 Nov 19:00:32 - DB 0: 2 keys (0 volatile) in 4 slots HT.
[38936] 15 Nov 19:00:32 - 0 clients connected (0 slaves), 1070080 bytes in use
[38936] 15 Nov 19:00:37 - DB 0: 2 keys (0 volatile) in 4 slots HT.
[38936] 15 Nov 19:00:37 - 0 clients connected (0 slaves), 1070080 bytes in use
[38936] 15 Nov 19:00:42 - DB 0: 2 keys (0 volatile) in 4 slots HT.
[38936] 15 Nov 19:00:42 - 0 clients connected (0 slaves), 1070080 bytes in use
[38936] 15 Nov 19:00:47 - DB 0: 2 keys (0 volatile) in 4 slots HT.
[38936] 15 Nov 19:00:47 - 0 clients connected (0 slaves), 1070080 bytes in use
[38936] 15 Nov 19:00:52 - DB 0: 2 keys (0 volatile) in 4 slots HT.
[38936] 15 Nov 19:00:52 - 0 clients connected (0 slaves), 1070080 bytes in use
[38936] 15 Nov 19:00:57 - DB 0: 2 keys (0 volatile) in 4 slots HT.
[38936] 15 Nov 19:00:57 - 0 clients connected (0 slaves), 1070080 bytes in use
[38936] 15 Nov 19:01:02 - DB 0: 2 keys (0 volatile) in 4 slots HT.
[38936] 15 Nov 19:01:02 - 0 clients connected (0 slaves), 1070080 bytes in use
[38936] 15 Nov 19:01:07 - DB 0: 2 keys (0 volatile) in 4 slots HT.
[38936] 15 Nov 19:01:07 - 0 clients connected (0 slaves), 1070080 bytes in use
[38936] 15 Nov 19:01:12 - DB 0: 2 keys (0 volatile) in 4 slots HT.
[38936] 15 Nov 19:01:12 - 0 clients connected (0 slaves), 1070080 bytes in use
[38936] 15 Nov 19:01:17 - DB 0: 2 keys (0 volatile) in 4 slots HT.
[38936] 15 Nov 19:01:17 - 0 clients connected (0 slaves), 1070080 bytes in use
[38936] 15 Nov 19:01:22 - DB 0: 2 keys (0 volatile) in 4 slots HT.
[38936] 15 Nov 19:01:22 - 0 clients connected (0 slaves), 1070080 bytes in use
[38936] 15 Nov 19:01:27 - DB 0: 2 keys (0 volatile) in 4 slots HT.
[38936] 15 Nov 19:01:27 - 0 clients connected (0 slaves), 1070080 bytes in use
[38936] 15 Nov 19:01:32 - DB 0: 2 keys (0 volatile) in 4 slots HT.
[38936] 15 Nov 19:01:32 - 0 clients connected (0 slaves), 1070080 bytes in use
[38936] 15 Nov 19:01:37 - DB 0: 2 keys (0 volatile) in 4 slots HT.
[38936] 15 Nov 19:01:37 - 0 clients connected (0 slaves), 1070080 bytes in use
[38936] 15 Nov 19:01:42 - DB 0: 2 keys (0 volatile) in 4 slots HT.
[38936] 15 Nov 19:01:42 - 0 clients connected (0 slaves), 1070080 bytes in use
[38936] 15 Nov 19:01:47 - DB 0: 2 keys (0 volatile) in 4 slots HT.
[38936] 15 Nov 19:01:47 - 0 clients connected (0 slaves), 1070080 bytes in use
[38936] 15 Nov 19:01:52 - DB 0: 2 keys (0 volatile) in 4 slots HT.
[38936] 15 Nov 19:01:52 - 0 clients connected (0 slaves), 1070080 bytes in use
[38936] 15 Nov 19:01:57 - DB 0: 2 keys (0 volatile) in 4 slots HT.
[38936] 15 Nov 19:01:57 - 0 clients connected (0 slaves), 1070080 bytes in use
[38936] 15 Nov 19:02:02 - DB 0: 2 keys (0 volatile) in 4 slots HT.
[38936] 15 Nov 19:02:02 - 0 clients connected (0 slaves), 1070080 bytes in use
[38936] 15 Nov 19:02:07 - DB 0: 2 keys (0 volatile) in 4 slots HT.
[38936] 15 Nov 19:02:07 - 0 clients connected (0 slaves), 1070080 bytes in use
[38936] 15 Nov 19:02:12 - DB 0: 2 keys (0 volatile) in 4 slots HT.
[38936] 15 Nov 19:02:12 - 0 clients connected (0 slaves), 1070080 bytes in use
[38936] 15 Nov 19:02:17 - DB 0: 2 keys (0 volatile) in 4 slots HT.
[38936] 15 Nov 19:02:17 - 0 clients connected (0 slaves), 1070080 bytes in use
[38936] 15 Nov 19:02:22 - DB 0: 2 keys (0 volatile) in 4 slots HT.
[38936] 15 Nov 19:02:22 - 0 clients connected (0 slaves), 1070080 bytes in use
[38936] 15 Nov 19:02:27 - DB 0: 2 keys (0 volatile) in 4 slots HT.
[38936] 15 Nov 19:02:27 - 0 clients connected (0 slaves), 1070080 bytes in use
[38936] 15 Nov 19:02:32 - DB 0: 2 keys (0 volatile) in 4 slots HT.
[38936] 15 Nov 19:02:32 - 0 clients connected (0 slaves), 1070080 bytes in use
[38936] 15 Nov 19:02:37 - DB 0: 2 keys (0 volatile) in 4 slots HT.
[38936] 15 Nov 19:02:37 - 0 clients connected (0 slaves), 1070080 bytes in use
[38936] 15 Nov 19:02:42 - DB 0: 2 keys (0 volatile) in 4 slots HT.
[38936] 15 Nov 19:02:42 - 0 clients connected (0 slaves), 1070080 bytes in use
[38936] 15 Nov 19:02:47 - DB 0: 2 keys (0 volatile) in 4 slots HT.
[38936] 15 Nov 19:02:47 - 0 clients connected (0 slaves), 1070080 bytes in use
[38936] 15 Nov 19:02:52 - DB 0: 2 keys (0 volatile) in 4 slots HT.
[38936] 15 Nov 19:02:52 - 0 clients connected (0 slaves), 1070080 bytes in use
[38936] 15 Nov 19:02:57 - DB 0: 2 keys (0 volatile) in 4 slots HT.
[38936] 15 Nov 19:02:57 - 0 clients connected (0 slaves), 1070080 bytes in use
[38936] 15 Nov 19:03:02 - DB 0: 2 keys (0 volatile) in 4 slots HT.
[38936] 15 Nov 19:03:02 - 0 clients connected (0 slaves), 1070080 bytes in use
[38936] 15 Nov 19:03:07 - DB 0: 2 keys (0 volatile) in 4 slots HT.
[38936] 15 Nov 19:03:07 - 0 clients connected (0 slaves), 1070080 bytes in use
[38936] 15 Nov 19:03:12 - DB 0: 2 keys (0 volatile) in 4 slots HT.
[38936] 15 Nov 19:03:12 - 0 clients connected (0 slaves), 1070080 bytes in use
[38936] 15 Nov 19:03:17 - DB 0: 2 keys (0 volatile) in 4 slots HT.
[38936] 15 Nov 19:03:17 - 0 clients connected (0 slaves), 1070080 bytes in use
[38936] 15 Nov 19:03:22 - DB 0: 2 keys (0 volatile) in 4 slots HT.
[38936] 15 Nov 19:03:22 - 0 clients connected (0 slaves), 1070080 bytes in use
[38936] 15 Nov 19:03:27 - DB 0: 2 keys (0 volatile) in 4 slots HT.
[38936] 15 Nov 19:03:27 - 0 clients connected (0 slaves), 1070080 bytes in use
[38936] 15 Nov 19:03:32 - DB 0: 2 keys (0 volatile) in 4 slots HT.
[38936] 15 Nov 19:03:32 - 0 clients connected (0 slaves), 1070080 bytes in use
[38936] 15 Nov 19:03:37 - DB 0: 2 keys (0 volatile) in 4 slots HT.
[38936] 15 Nov 19:03:37 - 0 clients connected (0 slaves), 1070080 bytes in use
[38936] 15 Nov 19:03:43 - DB 0: 2 keys (0 volatile) in 4 slots HT.
[38936] 15 Nov 19:03:43 - 0 clients connected (0 slaves), 1070080 bytes in use
[38936] 15 Nov 19:03:48 - DB 0: 2 keys (0 volatile) in 4 slots HT.
[38936] 15 Nov 19:03:48 - 0 clients connected (0 slaves), 1070080 bytes in use
[38936] 15 Nov 19:03:53 - DB 0: 2 keys (0 volatile) in 4 slots HT.
[38936] 15 Nov 19:03:53 - 0 clients connected (0 slaves), 1070080 bytes in use
[38936] 15 Nov 19:03:58 - DB 0: 2 keys (0 volatile) in 4 slots HT.
[38936] 15 Nov 19:03:58 - 0 clients connected (0 slaves), 1070080 bytes in use
[38936] 15 Nov 19:04:03 - DB 0: 2 keys (0 volatile) in 4 slots HT.
[38936] 15 Nov 19:04:03 - 0 clients connected (0 slaves), 1070080 bytes in use
[38936] 15 Nov 19:04:08 - DB 0: 2 keys (0 volatile) in 4 slots HT.
[38936] 15 Nov 19:04:08 - 0 clients connected (0 slaves), 1070080 bytes in use
[38936] 15 Nov 19:04:13 - DB 0: 2 keys (0 volatile) in 4 slots HT.
[38936] 15 Nov 19:04:13 - 0 clients connected (0 slaves), 1070080 bytes in use
[38936] 15 Nov 19:04:16 - Accepted 127.0.0.1:53475
[38936] 15 Nov 19:04:16 * DB saved on disk
[38936] 15 Nov 19:04:16 - Client closed connection
[38936] 15 Nov 19:04:18 - DB 0: 2 keys (0 volatile) in 4 slots HT.
[38936] 15 Nov 19:04:18 - 0 clients connected (0 slaves), 1070080 bytes in use
[38936] 15 Nov 19:04:23 - DB 0: 2 keys (0 volatile) in 4 slots HT.
[38936] 15 Nov 19:04:23 - 0 clients connected (0 slaves), 1070080 bytes in use
[38936] 15 Nov 19:04:28 - DB 0: 2 keys (0 volatile) in 4 slots HT.
[38936] 15 Nov 19:04:28 - 0 clients connected (0 slaves), 1070080 bytes in use
[38936] 15 Nov 19:04:33 - DB 0: 2 keys (0 volatile) in 4 slots HT.
[38936] 15 Nov 19:04:33 - 0 clients connected (0 slaves), 1070080 bytes in use
[38936] 15 Nov 19:04:38 - DB 0: 2 keys (0 volatile) in 4 slots HT.
[38936] 15 Nov 19:04:38 - 0 clients connected (0 slaves), 1070080 bytes in use
[38936] 15 Nov 19:04:43 - DB 0: 2 keys (0 volatile) in 4 slots HT.
[38936] 15 Nov 19:04:43 - 0 clients connected (0 slaves), 1070080 bytes in use
[38936] 15 Nov 19:04:48 - DB 0: 2 keys (0 volatile) in 4 slots HT.
[38936] 15 Nov 19:04:48 - 0 clients connected (0 slaves), 1070080 bytes in use
[38936] 15 Nov 19:04:53 - DB 0: 2 keys (0 volatile) in 4 slots HT.
[38936] 15 Nov 19:04:53 - 0 clients connected (0 slaves), 1070080 bytes in use
[38936] 15 Nov 19:04:58 - DB 0: 2 keys (0 volatile) in 4 slots HT.
[38936] 15 Nov 19:04:58 - 0 clients connected (0 slaves), 1070080 bytes in use
[38936] 15 Nov 19:05:03 - DB 0: 2 keys (0 volatile) in 4 slots HT.
[38936] 15 Nov 19:05:03 - 0 clients connected (0 slaves), 1070080 bytes in use
[38936] 15 Nov 19:05:08 - DB 0: 2 keys (0 volatile) in 4 slots HT.
[38936] 15 Nov 19:05:08 - 0 clients connected (0 slaves), 1070080 bytes in use
[38936] 15 Nov 19:05:13 - DB 0: 2 keys (0 volatile) in 4 slots HT.
[38936] 15 Nov 19:05:13 - 0 clients connected (0 slaves), 1070080 bytes in use
[38936] 15 Nov 19:05:16 - Accepted 127.0.0.1:53480
[38936] 15 Nov 19:05:16 * DB saved on disk
[38936] 15 Nov 19:05:16 - Accepted 127.0.0.1:53481
[38936] 15 Nov 19:05:16 * DB saved on disk
[38936] 15 Nov 19:05:16 - Client closed connection
[38936] 15 Nov 19:05:16 - Client closed connection
[38936] 15 Nov 19:05:18 - 0 clients connected (0 slaves), 1069744 bytes in use
[38936] 15 Nov 19:05:23 - 0 clients connected (0 slaves), 1069744 bytes in use
[38936] 15 Nov 19:05:28 - 0 clients connected (0 slaves), 1069744 bytes in use
[38936] 15 Nov 19:05:33 - 0 clients connected (0 slaves), 1069744 bytes in use
[38936] 15 Nov 19:05:38 - 0 clients connected (0 slaves), 1069744 bytes in use
[38936] 15 Nov 19:05:43 - 0 clients connected (0 slaves), 1069744 bytes in use
[38936] 15 Nov 19:05:48 - 0 clients connected (0 slaves), 1069744 bytes in use
[38936] 15 Nov 19:05:53 - 0 clients connected (0 slaves), 1069744 bytes in use
[38936] 15 Nov 19:05:58 - 0 clients connected (0 slaves), 1069744 bytes in use
[38936] 15 Nov 19:06:03 - 0 clients connected (0 slaves), 1069744 bytes in use
[38936] 15 Nov 19:06:08 - 0 clients connected (0 slaves), 1069744 bytes in use
[38936] 15 Nov 19:06:13 - 0 clients connected (0 slaves), 1069744 bytes in use
[38936] 15 Nov 19:06:18 - 0 clients connected (0 slaves), 1069744 bytes in use
[38936] 15 Nov 19:06:23 - 0 clients connected (0 slaves), 1069744 bytes in use
[38936] 15 Nov 19:06:28 - 0 clients connected (0 slaves), 1069744 bytes in use
[38936] 15 Nov 19:06:33 - 0 clients connected (0 slaves), 1069744 bytes in use
[38936] 15 Nov 19:06:38 - 0 clients connected (0 slaves), 1069744 bytes in use
[38936] 15 Nov 19:06:43 - 0 clients connected (0 slaves), 1069744 bytes in use
[38936] 15 Nov 19:06:48 - 0 clients connected (0 slaves), 1069744 bytes in use
[38936] 15 Nov 19:06:53 - 0 clients connected (0 slaves), 1069744 bytes in use
[38936] 15 Nov 19:06:58 - 0 clients connected (0 slaves), 1069744 bytes in use
[38936] 15 Nov 19:07:03 - 0 clients connected (0 slaves), 1069744 bytes in use
[38936] 15 Nov 19:07:08 - 0 clients connected (0 slaves), 1069744 bytes in use
[38936] 15 Nov 19:07:13 - 0 clients connected (0 slaves), 1069744 bytes in use
[38936] 15 Nov 19:07:18 - 0 clients connected (0 slaves), 1069744 bytes in use
[38936] 15 Nov 19:07:23 - 0 clients connected (0 slaves), 1069744 bytes in use
[38936] 15 Nov 19:07:28 - 0 clients connected (0 slaves), 1069744 bytes in use
[38936] 15 Nov 19:07:33 - 0 clients connected (0 slaves), 1069744 bytes in use
[38936] 15 Nov 19:07:38 - 0 clients connected (0 slaves), 1069744 bytes in use
[38936] 15 Nov 19:07:43 - 0 clients connected (0 slaves), 1069744 bytes in use
[38936] 15 Nov 19:07:48 - 0 clients connected (0 slaves), 1069744 bytes in use
[38936] 15 Nov 19:07:52 - Accepted 127.0.0.1:53491
[38936] 15 Nov 19:07:52 * DB saved on disk
[38936] 15 Nov 19:07:52 - Accepted 127.0.0.1:53492
[38936] 15 Nov 19:07:52 * DB saved on disk
[38936] 15 Nov 19:07:52 - Client closed connection
[38936] 15 Nov 19:07:52 - Client closed connection
[38936] 15 Nov 19:07:53 - 0 clients connected (0 slaves), 1069792 bytes in use
[38936] 15 Nov 19:07:58 - 0 clients connected (0 slaves), 1069792 bytes in use
[38936] 15 Nov 19:08:03 - 0 clients connected (0 slaves), 1069792 bytes in use
[38936] 15 Nov 19:08:08 - 0 clients connected (0 slaves), 1069792 bytes in use
[38936] 15 Nov 19:08:13 - 0 clients connected (0 slaves), 1069792 bytes in use
[38936] 15 Nov 19:08:18 - 0 clients connected (0 slaves), 1069792 bytes in use
[38936] 15 Nov 19:08:23 - 0 clients connected (0 slaves), 1069792 bytes in use
[38936] 15 Nov 19:08:28 - 0 clients connected (0 slaves), 1069792 bytes in use
[38936] 15 Nov 19:08:33 - 0 clients connected (0 slaves), 1069792 bytes in use
[38936] 15 Nov 19:08:38 - 0 clients connected (0 slaves), 1069792 bytes in use
[38936] 15 Nov 19:08:43 - 0 clients connected (0 slaves), 1069792 bytes in use
[38936] 15 Nov 19:08:48 - 0 clients connected (0 slaves), 1069792 bytes in use
[38936] 15 Nov 19:08:53 - 0 clients connected (0 slaves), 1069792 bytes in use
[38936] 15 Nov 19:08:58 - 0 clients connected (0 slaves), 1069792 bytes in use
[38936] 15 Nov 19:09:03 - 0 clients connected (0 slaves), 1069792 bytes in use
[38936] 15 Nov 19:09:08 - 0 clients connected (0 slaves), 1069792 bytes in use
[38936] 15 Nov 19:09:13 - 0 clients connected (0 slaves), 1069792 bytes in use
[38936] 15 Nov 19:09:18 - 0 clients connected (0 slaves), 1069792 bytes in use
[38936] 15 Nov 19:09:23 - 0 clients connected (0 slaves), 1069792 bytes in use
[38936] 15 Nov 19:09:28 - 0 clients connected (0 slaves), 1069792 bytes in use
[38936] 15 Nov 19:09:33 - 0 clients connected (0 slaves), 1069792 bytes in use
[38936] 15 Nov 19:09:38 - 0 clients connected (0 slaves), 1069792 bytes in use
[38936] 15 Nov 19:09:43 - 0 clients connected (0 slaves), 1069792 bytes in use
[38936] 15 Nov 19:09:48 - 0 clients connected (0 slaves), 1069792 bytes in use
[38936] 15 Nov 19:09:53 - 0 clients connected (0 slaves), 1069792 bytes in use
[38936] 15 Nov 19:09:58 - 0 clients connected (0 slaves), 1069792 bytes in use
[38936] 15 Nov 19:10:03 - 0 clients connected (0 slaves), 1069792 bytes in use
[38936] 15 Nov 19:10:08 - 0 clients connected (0 slaves), 1069792 bytes in use
[38936] 15 Nov 19:10:13 - 0 clients connected (0 slaves), 1069792 bytes in use
[38936] 15 Nov 19:10:18 - 0 clients connected (0 slaves), 1069792 bytes in use
[38936] 15 Nov 19:10:23 - 0 clients connected (0 slaves), 1069792 bytes in use
[38936] 15 Nov 19:10:28 - 0 clients connected (0 slaves), 1069792 bytes in use
[38936] 15 Nov 19:10:33 - 0 clients connected (0 slaves), 1069792 bytes in use
[38936] 15 Nov 19:10:38 - 0 clients connected (0 slaves), 1069792 bytes in use
[38936] 15 Nov 19:10:44 - 0 clients connected (0 slaves), 1069792 bytes in use
[38936] 15 Nov 19:10:45 - Accepted 127.0.0.1:53502
[38936] 15 Nov 19:10:45 * DB saved on disk
[38936] 15 Nov 19:10:45 - Accepted 127.0.0.1:53503
[38936] 15 Nov 19:10:45 * DB saved on disk
[38936] 15 Nov 19:10:45 - Accepted 127.0.0.1:53504
[38936] 15 Nov 19:10:45 * DB saved on disk
[38936] 15 Nov 19:10:45 - Client closed connection
[38936] 15 Nov 19:10:45 - Client closed connection
[38936] 15 Nov 19:10:45 - Client closed connection
[38936] 15 Nov 19:10:49 - DB 0: 4 keys (0 volatile) in 4 slots HT.
[38936] 15 Nov 19:10:49 - 0 clients connected (0 slaves), 1070672 bytes in use
[38936] 15 Nov 19:10:54 - DB 0: 4 keys (0 volatile) in 4 slots HT.
[38936] 15 Nov 19:10:54 - 0 clients connected (0 slaves), 1070672 bytes in use
[38936] 15 Nov 19:10:59 - DB 0: 4 keys (0 volatile) in 4 slots HT.
[38936] 15 Nov 19:10:59 - 0 clients connected (0 slaves), 1070672 bytes in use
[38936] 15 Nov 19:11:04 - DB 0: 4 keys (0 volatile) in 4 slots HT.
[38936] 15 Nov 19:11:04 - 0 clients connected (0 slaves), 1070672 bytes in use
[38936] 15 Nov 19:11:09 - DB 0: 4 keys (0 volatile) in 4 slots HT.
[38936] 15 Nov 19:11:09 - 0 clients connected (0 slaves), 1070672 bytes in use
[38936] 15 Nov 19:11:14 - DB 0: 4 keys (0 volatile) in 4 slots HT.
[38936] 15 Nov 19:11:14 - 0 clients connected (0 slaves), 1070672 bytes in use
[38936] 15 Nov 19:11:19 - DB 0: 4 keys (0 volatile) in 4 slots HT.
[38936] 15 Nov 19:11:19 - 0 clients connected (0 slaves), 1070672 bytes in use
[38936] 15 Nov 19:11:24 - DB 0: 4 keys (0 volatile) in 4 slots HT.
[38936] 15 Nov 19:11:24 - 0 clients connected (0 slaves), 1070672 bytes in use
[38936] 15 Nov 19:11:29 - DB 0: 4 keys (0 volatile) in 4 slots HT.
[38936] 15 Nov 19:11:29 - 0 clients connected (0 slaves), 1070672 bytes in use
[38936] 15 Nov 19:11:34 - DB 0: 4 keys (0 volatile) in 4 slots HT.
[38936] 15 Nov 19:11:34 - 0 clients connected (0 slaves), 1070672 bytes in use
[38936] 15 Nov 19:11:39 - DB 0: 4 keys (0 volatile) in 4 slots HT.
[38936] 15 Nov 19:11:39 - 0 clients connected (0 slaves), 1070672 bytes in use
[38936] 15 Nov 19:11:44 - DB 0: 4 keys (0 volatile) in 4 slots HT.
[38936] 15 Nov 19:11:44 - 0 clients connected (0 slaves), 1070672 bytes in use
[38936] 15 Nov 19:11:49 - DB 0: 4 keys (0 volatile) in 4 slots HT.
[38936] 15 Nov 19:11:49 - 0 clients connected (0 slaves), 1070672 bytes in use
[38936] 15 Nov 19:11:54 - DB 0: 4 keys (0 volatile) in 4 slots HT.
[38936] 15 Nov 19:11:54 - 0 clients connected (0 slaves), 1070672 bytes in use
[38936] 15 Nov 19:11:59 - DB 0: 4 keys (0 volatile) in 4 slots HT.
[38936] 15 Nov 19:11:59 - 0 clients connected (0 slaves), 1070672 bytes in use
[38936] 15 Nov 19:12:04 - DB 0: 4 keys (0 volatile) in 4 slots HT.
[38936] 15 Nov 19:12:04 - 0 clients connected (0 slaves), 1070672 bytes in use
[38936] 15 Nov 19:12:09 - DB 0: 4 keys (0 volatile) in 4 slots HT.
[38936] 15 Nov 19:12:09 - 0 clients connected (0 slaves), 1070672 bytes in use
[38936] 15 Nov 19:12:14 - DB 0: 4 keys (0 volatile) in 4 slots HT.
[38936] 15 Nov 19:12:14 - 0 clients connected (0 slaves), 1070672 bytes in use
[38936] 15 Nov 19:12:19 - DB 0: 4 keys (0 volatile) in 4 slots HT.
[38936] 15 Nov 19:12:20 - 0 clients connected (0 slaves), 1070672 bytes in use
[38936] 15 Nov 19:12:25 - DB 0: 4 keys (0 volatile) in 4 slots HT.
[38936] 15 Nov 19:12:25 - 0 clients connected (0 slaves), 1070672 bytes in use
[38936] 15 Nov 19:12:30 - DB 0: 4 keys (0 volatile) in 4 slots HT.
[38936] 15 Nov 19:12:30 - 0 clients connected (0 slaves), 1070672 bytes in use
[38936] 15 Nov 19:12:35 - DB 0: 4 keys (0 volatile) in 4 slots HT.
[38936] 15 Nov 19:12:35 - 0 clients connected (0 slaves), 1070672 bytes in use
[38936] 15 Nov 19:12:40 - DB 0: 4 keys (0 volatile) in 4 slots HT.
[38936] 15 Nov 19:12:40 - 0 clients connected (0 slaves), 1070672 bytes in use
[38936] 15 Nov 19:12:45 - DB 0: 4 keys (0 volatile) in 4 slots HT.
[38936] 15 Nov 19:12:45 - 0 clients connected (0 slaves), 1070672 bytes in use
[38936] 15 Nov 19:12:50 - DB 0: 4 keys (0 volatile) in 4 slots HT.
[38936] 15 Nov 19:12:50 - 0 clients connected (0 slaves), 1070672 bytes in use
[38936] 15 Nov 19:12:55 - DB 0: 4 keys (0 volatile) in 4 slots HT.
[38936] 15 Nov 19:12:55 - 0 clients connected (0 slaves), 1070672 bytes in use
[38936] 15 Nov 19:13:00 - DB 0: 4 keys (0 volatile) in 4 slots HT.
[38936] 15 Nov 19:13:00 - 0 clients connected (0 slaves), 1070672 bytes in use
[38936] 15 Nov 19:13:05 - DB 0: 4 keys (0 volatile) in 4 slots HT.
[38936] 15 Nov 19:13:05 - 0 clients connected (0 slaves), 1070672 bytes in use
[38936] 15 Nov 19:13:10 - DB 0: 4 keys (0 volatile) in 4 slots HT.
[38936] 15 Nov 19:13:10 - 0 clients connected (0 slaves), 1070672 bytes in use
[38936] 15 Nov 19:13:13 - Accepted 127.0.0.1:53512
[38936] 15 Nov 19:13:13 * DB saved on disk
[38936] 15 Nov 19:13:13 - Accepted 127.0.0.1:53513
[38936] 15 Nov 19:13:13 * DB saved on disk
[38936] 15 Nov 19:13:13 - Accepted 127.0.0.1:53514
[38936] 15 Nov 19:13:13 * DB saved on disk
[38936] 15 Nov 19:13:13 - Accepted 127.0.0.1:53515
[38936] 15 Nov 19:13:13 * DB saved on disk
[38936] 15 Nov 19:13:13 - Client closed connection
[38936] 15 Nov 19:13:13 - Client closed connection
[38936] 15 Nov 19:13:13 - Client closed connection
[38936] 15 Nov 19:13:13 - Client closed connection
[38936] 15 Nov 19:13:15 - DB 0: 4 keys (0 volatile) in 4 slots HT.
[38936] 15 Nov 19:13:15 - 0 clients connected (0 slaves), 1070672 bytes in use
[38936] 15 Nov 19:13:20 - DB 0: 4 keys (0 volatile) in 4 slots HT.
[38936] 15 Nov 19:13:20 - 0 clients connected (0 slaves), 1070672 bytes in use
[38936] 15 Nov 19:13:25 - DB 0: 4 keys (0 volatile) in 4 slots HT.
[38936] 15 Nov 19:13:25 - 0 clients connected (0 slaves), 1070672 bytes in use
[38936] 15 Nov 19:13:30 - DB 0: 4 keys (0 volatile) in 4 slots HT.
[38936] 15 Nov 19:13:30 - 0 clients connected (0 slaves), 1070672 bytes in use
[38936] 15 Nov 19:13:35 - DB 0: 4 keys (0 volatile) in 4 slots HT.
[38936] 15 Nov 19:13:35 - 0 clients connected (0 slaves), 1070672 bytes in use
[38936] 15 Nov 19:13:40 - DB 0: 4 keys (0 volatile) in 4 slots HT.
[38936] 15 Nov 19:13:40 - 0 clients connected (0 slaves), 1070672 bytes in use
[38936] 15 Nov 19:13:45 - Accepted 127.0.0.1:53525
[38936] 15 Nov 19:13:45 * DB saved on disk
[38936] 15 Nov 19:13:45 - Accepted 127.0.0.1:53526
[38936] 15 Nov 19:13:45 * DB saved on disk
[38936] 15 Nov 19:13:45 - Accepted 127.0.0.1:53527
[38936] 15 Nov 19:13:45 * DB saved on disk
[38936] 15 Nov 19:13:45 - Accepted 127.0.0.1:53528
[38936] 15 Nov 19:13:45 * DB saved on disk
[38936] 15 Nov 19:13:45 - Client closed connection
[38936] 15 Nov 19:13:45 - Client closed connection
[38936] 15 Nov 19:13:45 - Client closed connection
[38936] 15 Nov 19:13:45 - Client closed connection
[38936] 15 Nov 19:13:45 - DB 0: 2 keys (0 volatile) in 4 slots HT.
[38936] 15 Nov 19:13:45 - 0 clients connected (0 slaves), 1070400 bytes in use
[38936] 15 Nov 19:13:50 - DB 0: 2 keys (0 volatile) in 4 slots HT.
[38936] 15 Nov 19:13:50 - 0 clients connected (0 slaves), 1070400 bytes in use
[38936] 15 Nov 19:13:55 - DB 0: 2 keys (0 volatile) in 4 slots HT.
[38936] 15 Nov 19:13:55 - 0 clients connected (0 slaves), 1070400 bytes in use
[38936] 15 Nov 19:14:00 - DB 0: 2 keys (0 volatile) in 4 slots HT.
[38936] 15 Nov 19:14:00 - 0 clients connected (0 slaves), 1070400 bytes in use
[38936] 15 Nov 19:14:05 - DB 0: 2 keys (0 volatile) in 4 slots HT.
[38936] 15 Nov 19:14:05 - 0 clients connected (0 slaves), 1070400 bytes in use
[38936] 15 Nov 19:14:10 - DB 0: 2 keys (0 volatile) in 4 slots HT.
[38936] 15 Nov 19:14:10 - 0 clients connected (0 slaves), 1070400 bytes in use
[38936] 15 Nov 19:14:15 - DB 0: 2 keys (0 volatile) in 4 slots HT.
[38936] 15 Nov 19:14:15 - 0 clients connected (0 slaves), 1070400 bytes in use
[38936] 15 Nov 19:14:20 - DB 0: 2 keys (0 volatile) in 4 slots HT.
[38936] 15 Nov 19:14:20 - 0 clients connected (0 slaves), 1070400 bytes in use
[38936] 15 Nov 19:14:25 - DB 0: 2 keys (0 volatile) in 4 slots HT.
[38936] 15 Nov 19:14:25 - 0 clients connected (0 slaves), 1070400 bytes in use
[38936] 15 Nov 19:14:30 - DB 0: 2 keys (0 volatile) in 4 slots HT.
[38936] 15 Nov 19:14:30 - 0 clients connected (0 slaves), 1070400 bytes in use
[38936] 15 Nov 19:14:35 - DB 0: 2 keys (0 volatile) in 4 slots HT.
[38936] 15 Nov 19:14:35 - 0 clients connected (0 slaves), 1070400 bytes in use
[38936] 15 Nov 19:14:40 - DB 0: 2 keys (0 volatile) in 4 slots HT.
[38936] 15 Nov 19:14:40 - 0 clients connected (0 slaves), 1070400 bytes in use
[38936] 15 Nov 19:14:45 - DB 0: 2 keys (0 volatile) in 4 slots HT.
[38936] 15 Nov 19:14:45 - 0 clients connected (0 slaves), 1070400 bytes in use
[38936] 15 Nov 19:14:50 - DB 0: 2 keys (0 volatile) in 4 slots HT.
[38936] 15 Nov 19:14:50 - 0 clients connected (0 slaves), 1070400 bytes in use
[38936] 15 Nov 19:14:55 - DB 0: 2 keys (0 volatile) in 4 slots HT.
[38936] 15 Nov 19:14:55 - 0 clients connected (0 slaves), 1070400 bytes in use
[38936] 15 Nov 19:15:00 - DB 0: 2 keys (0 volatile) in 4 slots HT.
[38936] 15 Nov 19:15:00 - 0 clients connected (0 slaves), 1070400 bytes in use
[38936] 15 Nov 19:15:02 - Accepted 127.0.0.1:53529
[38936] 15 Nov 19:15:02 * DB saved on disk
[38936] 15 Nov 19:15:05 - 1 clients connected (0 slaves), 1070656 bytes in use
[38936] 15 Nov 19:15:10 - 1 clients connected (0 slaves), 1070656 bytes in use
[38936] 15 Nov 19:15:15 - 1 clients connected (0 slaves), 1070656 bytes in use
[38936] 15 Nov 19:15:20 - 1 clients connected (0 slaves), 1070656 bytes in use
[38936] 15 Nov 19:15:24 - Client closed connection
[38936] 15 Nov 19:15:25 - 0 clients connected (0 slaves), 1070064 bytes in use
[38936] 15 Nov 19:15:30 - 0 clients connected (0 slaves), 1070064 bytes in use
[38936] 15 Nov 19:15:32 - Accepted 127.0.0.1:53532
[38936] 15 Nov 19:15:32 * DB saved on disk
[38936] 15 Nov 19:15:35 - 1 clients connected (0 slaves), 1070656 bytes in use
[38936] 15 Nov 19:15:40 - 1 clients connected (0 slaves), 1070656 bytes in use
[38936] 15 Nov 19:15:45 - 1 clients connected (0 slaves), 1070656 bytes in use
[38936] 15 Nov 19:15:50 - 1 clients connected (0 slaves), 1070656 bytes in use
[38936] 15 Nov 19:15:55 - 1 clients connected (0 slaves), 1070656 bytes in use
[38936] 15 Nov 19:16:00 - 1 clients connected (0 slaves), 1070656 bytes in use
[38936] 15 Nov 19:16:05 - 1 clients connected (0 slaves), 1070656 bytes in use
[38936] 15 Nov 19:16:05 - Closing idle client
[38936] 15 Nov 19:16:10 - 0 clients connected (0 slaves), 1070064 bytes in use
[38936] 15 Nov 19:16:14 - Accepted 127.0.0.1:53533
[38936] 15 Nov 19:16:15 - DB 0: 2 keys (0 volatile) in 4 slots HT.
[38936] 15 Nov 19:16:15 - 1 clients connected (0 slaves), 1070976 bytes in use
[38936] 15 Nov 19:16:20 - DB 0: 2 keys (0 volatile) in 4 slots HT.
[38936] 15 Nov 19:16:20 - 1 clients connected (0 slaves), 1070976 bytes in use
[38936] 15 Nov 19:16:25 - DB 0: 4 keys (0 volatile) in 4 slots HT.
[38936] 15 Nov 19:16:25 - 1 clients connected (0 slaves), 1071264 bytes in use
[38936] 15 Nov 19:16:30 - DB 0: 4 keys (0 volatile) in 4 slots HT.
[38936] 15 Nov 19:16:30 - 1 clients connected (0 slaves), 1071264 bytes in use
[38936] 15 Nov 19:16:35 - DB 0: 4 keys (0 volatile) in 4 slots HT.
[38936] 15 Nov 19:16:35 - 1 clients connected (0 slaves), 1071264 bytes in use
[38936] 15 Nov 19:16:40 - DB 0: 4 keys (0 volatile) in 4 slots HT.
[38936] 15 Nov 19:16:40 - 1 clients connected (0 slaves), 1071264 bytes in use
[38936] 15 Nov 19:16:45 - DB 0: 4 keys (0 volatile) in 4 slots HT.
[38936] 15 Nov 19:16:45 - 1 clients connected (0 slaves), 1071264 bytes in use
[38936] 15 Nov 19:16:50 - DB 0: 4 keys (0 volatile) in 4 slots HT.
[38936] 15 Nov 19:16:50 - 1 clients connected (0 slaves), 1071264 bytes in use
[38936] 15 Nov 19:16:55 - DB 0: 4 keys (0 volatile) in 4 slots HT.
[38936] 15 Nov 19:16:55 - 1 clients connected (0 slaves), 1071264 bytes in use
[38936] 15 Nov 19:16:55 - Closing idle client
[38936] 15 Nov 19:16:56 - Accepted 127.0.0.1:53535
[38936] 15 Nov 19:17:00 - DB 0: 4 keys (0 volatile) in 8 slots HT.
[38936] 15 Nov 19:17:00 - 1 clients connected (0 slaves), 1071408 bytes in use
[38936] 15 Nov 19:17:05 - DB 0: 4 keys (0 volatile) in 8 slots HT.
[38936] 15 Nov 19:17:05 - 1 clients connected (0 slaves), 1071408 bytes in use
[38936] 15 Nov 19:17:10 - DB 0: 4 keys (0 volatile) in 8 slots HT.
[38936] 15 Nov 19:17:10 - 1 clients connected (0 slaves), 1071408 bytes in use
[38936] 15 Nov 19:17:16 - DB 0: 4 keys (0 volatile) in 8 slots HT.
[38936] 15 Nov 19:17:16 - 1 clients connected (0 slaves), 1071408 bytes in use
[38936] 15 Nov 19:17:21 - DB 0: 4 keys (0 volatile) in 8 slots HT.
[38936] 15 Nov 19:17:21 - 1 clients connected (0 slaves), 1071408 bytes in use
[38936] 15 Nov 19:17:26 - DB 0: 4 keys (0 volatile) in 8 slots HT.
[38936] 15 Nov 19:17:26 - 1 clients connected (0 slaves), 1071408 bytes in use
[38936] 15 Nov 19:17:31 - DB 0: 4 keys (0 volatile) in 8 slots HT.
[38936] 15 Nov 19:17:31 - 1 clients connected (0 slaves), 1071408 bytes in use
[38936] 15 Nov 19:17:36 - DB 0: 4 keys (0 volatile) in 8 slots HT.
[38936] 15 Nov 19:17:36 - 1 clients connected (0 slaves), 1071408 bytes in use
[38936] 15 Nov 19:17:36 - Closing idle client
[38936] 15 Nov 19:17:41 - DB 0: 4 keys (0 volatile) in 8 slots HT.
[38936] 15 Nov 19:17:41 - 0 clients connected (0 slaves), 1070816 bytes in use
[38936] 15 Nov 19:17:46 - DB 0: 4 keys (0 volatile) in 8 slots HT.
[38936] 15 Nov 19:17:46 - 0 clients connected (0 slaves), 1070816 bytes in use
[38936] 15 Nov 19:17:51 - DB 0: 4 keys (0 volatile) in 8 slots HT.
[38936] 15 Nov 19:17:51 - 0 clients connected (0 slaves), 1070816 bytes in use
[38936] 15 Nov 19:17:56 - DB 0: 4 keys (0 volatile) in 8 slots HT.
[38936] 15 Nov 19:17:56 - 0 clients connected (0 slaves), 1070816 bytes in use
[38936] 15 Nov 19:18:01 - DB 0: 4 keys (0 volatile) in 8 slots HT.
[38936] 15 Nov 19:18:01 - 0 clients connected (0 slaves), 1070816 bytes in use
[38936] 15 Nov 19:18:06 - DB 0: 4 keys (0 volatile) in 8 slots HT.
[38936] 15 Nov 19:18:06 - 0 clients connected (0 slaves), 1070816 bytes in use
[38936] 15 Nov 19:18:11 - DB 0: 4 keys (0 volatile) in 8 slots HT.
[38936] 15 Nov 19:18:11 - 0 clients connected (0 slaves), 1070816 bytes in use
[38936] 15 Nov 19:18:16 - DB 0: 4 keys (0 volatile) in 8 slots HT.
[38936] 15 Nov 19:18:16 - 0 clients connected (0 slaves), 1070816 bytes in use
[38936] 15 Nov 19:18:18 - Accepted 127.0.0.1:53536
[38936] 15 Nov 19:18:21 - DB 0: 4 keys (0 volatile) in 8 slots HT.
[38936] 15 Nov 19:18:21 - 1 clients connected (0 slaves), 1071408 bytes in use
[38936] 15 Nov 19:18:26 - DB 0: 4 keys (0 volatile) in 8 slots HT.
[38936] 15 Nov 19:18:26 - 1 clients connected (0 slaves), 1071408 bytes in use
[38936] 15 Nov 19:18:31 - DB 0: 4 keys (0 volatile) in 8 slots HT.
[38936] 15 Nov 19:18:31 - 1 clients connected (0 slaves), 1071408 bytes in use
[38936] 15 Nov 19:18:36 - DB 0: 4 keys (0 volatile) in 8 slots HT.
[38936] 15 Nov 19:18:36 - 1 clients connected (0 slaves), 1071408 bytes in use
[38936] 15 Nov 19:18:41 - DB 0: 4 keys (0 volatile) in 8 slots HT.
[38936] 15 Nov 19:18:41 - 1 clients connected (0 slaves), 1071408 bytes in use
[38936] 15 Nov 19:18:46 - DB 0: 4 keys (0 volatile) in 8 slots HT.
[38936] 15 Nov 19:18:46 - 1 clients connected (0 slaves), 1071408 bytes in use
[38936] 15 Nov 19:18:51 - DB 0: 4 keys (0 volatile) in 8 slots HT.
[38936] 15 Nov 19:18:51 - 1 clients connected (0 slaves), 1071408 bytes in use
[38936] 15 Nov 19:18:56 - DB 0: 4 keys (0 volatile) in 8 slots HT.
[38936] 15 Nov 19:18:56 - 1 clients connected (0 slaves), 1071408 bytes in use
[38936] 15 Nov 19:18:56 - Closing idle client
[38936] 15 Nov 19:19:01 - DB 0: 4 keys (0 volatile) in 8 slots HT.
[38936] 15 Nov 19:19:01 - 0 clients connected (0 slaves), 1070816 bytes in use
[38936] 15 Nov 19:19:06 - DB 0: 4 keys (0 volatile) in 8 slots HT.
[38936] 15 Nov 19:19:06 - 0 clients connected (0 slaves), 1070816 bytes in use
[38936] 15 Nov 19:19:11 - DB 0: 4 keys (0 volatile) in 8 slots HT.
[38936] 15 Nov 19:19:11 - 0 clients connected (0 slaves), 1070816 bytes in use
[38936] 15 Nov 19:19:16 - DB 0: 4 keys (0 volatile) in 8 slots HT.
[38936] 15 Nov 19:19:16 - 0 clients connected (0 slaves), 1070816 bytes in use
[38936] 15 Nov 19:19:21 - DB 0: 4 keys (0 volatile) in 8 slots HT.
[38936] 15 Nov 19:19:21 - 0 clients connected (0 slaves), 1070816 bytes in use
[38936] 15 Nov 19:19:26 - DB 0: 4 keys (0 volatile) in 8 slots HT.
[38936] 15 Nov 19:19:26 - 0 clients connected (0 slaves), 1070816 bytes in use
[38936] 15 Nov 19:19:31 - DB 0: 4 keys (0 volatile) in 8 slots HT.
[38936] 15 Nov 19:19:31 - 0 clients connected (0 slaves), 1070816 bytes in use
[38936] 15 Nov 19:19:36 - DB 0: 4 keys (0 volatile) in 8 slots HT.
[38936] 15 Nov 19:19:36 - 0 clients connected (0 slaves), 1070816 bytes in use
[38936] 15 Nov 19:19:41 - DB 0: 4 keys (0 volatile) in 8 slots HT.
[38936] 15 Nov 19:19:41 - 0 clients connected (0 slaves), 1070816 bytes in use
[38936] 15 Nov 19:19:46 - DB 0: 4 keys (0 volatile) in 8 slots HT.
[38936] 15 Nov 19:19:46 - 0 clients connected (0 slaves), 1070816 bytes in use
[38936] 15 Nov 19:19:51 - DB 0: 4 keys (0 volatile) in 8 slots HT.
[38936] 15 Nov 19:19:51 - 0 clients connected (0 slaves), 1070816 bytes in use
[38936] 15 Nov 19:19:56 - DB 0: 4 keys (0 volatile) in 8 slots HT.
[38936] 15 Nov 19:19:56 - 0 clients connected (0 slaves), 1070816 bytes in use
[38936] 15 Nov 19:20:01 - DB 0: 4 keys (0 volatile) in 8 slots HT.
[38936] 15 Nov 19:20:01 - 0 clients connected (0 slaves), 1070816 bytes in use
[38936] 15 Nov 19:20:06 - DB 0: 4 keys (0 volatile) in 8 slots HT.
[38936] 15 Nov 19:20:06 - 0 clients connected (0 slaves), 1070816 bytes in use
[38936] 15 Nov 19:20:11 - DB 0: 4 keys (0 volatile) in 8 slots HT.
[38936] 15 Nov 19:20:11 - 0 clients connected (0 slaves), 1070816 bytes in use
[38936] 15 Nov 19:20:16 - DB 0: 4 keys (0 volatile) in 8 slots HT.
[38936] 15 Nov 19:20:16 - 0 clients connected (0 slaves), 1070816 bytes in use
[38936] 15 Nov 19:20:21 - DB 0: 4 keys (0 volatile) in 8 slots HT.
[38936] 15 Nov 19:20:21 - 0 clients connected (0 slaves), 1070816 bytes in use
[38936] 15 Nov 19:20:26 - DB 0: 4 keys (0 volatile) in 8 slots HT.
[38936] 15 Nov 19:20:26 - 0 clients connected (0 slaves), 1070816 bytes in use
[38936] 15 Nov 19:20:31 - DB 0: 4 keys (0 volatile) in 8 slots HT.
[38936] 15 Nov 19:20:31 - 0 clients connected (0 slaves), 1070816 bytes in use
[38936] 15 Nov 19:20:36 - DB 0: 4 keys (0 volatile) in 8 slots HT.
[38936] 15 Nov 19:20:36 - 0 clients connected (0 slaves), 1070816 bytes in use
[38936] 15 Nov 19:20:41 - DB 0: 4 keys (0 volatile) in 8 slots HT.
[38936] 15 Nov 19:20:41 - 0 clients connected (0 slaves), 1070816 bytes in use
[38936] 15 Nov 19:20:46 - DB 0: 4 keys (0 volatile) in 8 slots HT.
[38936] 15 Nov 19:20:46 - 0 clients connected (0 slaves), 1070816 bytes in use
[38936] 15 Nov 19:20:51 - DB 0: 4 keys (0 volatile) in 8 slots HT.
[38936] 15 Nov 19:20:51 - 0 clients connected (0 slaves), 1070816 bytes in use
[38936] 15 Nov 19:20:56 - DB 0: 4 keys (0 volatile) in 8 slots HT.
[38936] 15 Nov 19:20:56 - 0 clients connected (0 slaves), 1070816 bytes in use
[38936] 15 Nov 19:21:01 - DB 0: 4 keys (0 volatile) in 8 slots HT.
[38936] 15 Nov 19:21:01 - 0 clients connected (0 slaves), 1070816 bytes in use
[38936] 15 Nov 19:21:01 - Accepted 127.0.0.1:53550
[38936] 15 Nov 19:21:01 * DB saved on disk
[38936] 15 Nov 19:21:06 - DB 0: 4 keys (0 volatile) in 8 slots HT.
[38936] 15 Nov 19:21:06 - 1 clients connected (0 slaves), 1071424 bytes in use
[38936] 15 Nov 19:21:11 - DB 0: 4 keys (0 volatile) in 8 slots HT.
[38936] 15 Nov 19:21:11 - 1 clients connected (0 slaves), 1071424 bytes in use
[38936] 15 Nov 19:21:16 - DB 0: 4 keys (0 volatile) in 8 slots HT.
[38936] 15 Nov 19:21:16 - 1 clients connected (0 slaves), 1071424 bytes in use
[38936] 15 Nov 19:21:21 - DB 0: 4 keys (0 volatile) in 8 slots HT.
[38936] 15 Nov 19:21:21 - 1 clients connected (0 slaves), 1071424 bytes in use
[38936] 15 Nov 19:21:26 - DB 0: 4 keys (0 volatile) in 8 slots HT.
[38936] 15 Nov 19:21:26 - 1 clients connected (0 slaves), 1071424 bytes in use
[38936] 15 Nov 19:21:31 - DB 0: 4 keys (0 volatile) in 8 slots HT.
[38936] 15 Nov 19:21:31 - 1 clients connected (0 slaves), 1071424 bytes in use
[38936] 15 Nov 19:21:36 - DB 0: 4 keys (0 volatile) in 8 slots HT.
[38936] 15 Nov 19:21:36 - 1 clients connected (0 slaves), 1071424 bytes in use
[38936] 15 Nov 19:21:41 - DB 0: 4 keys (0 volatile) in 8 slots HT.
[38936] 15 Nov 19:21:41 - 1 clients connected (0 slaves), 1071424 bytes in use
[38936] 15 Nov 19:21:46 - DB 0: 4 keys (0 volatile) in 8 slots HT.
[38936] 15 Nov 19:21:46 - 1 clients connected (0 slaves), 1071424 bytes in use
[38936] 15 Nov 19:21:51 - DB 0: 4 keys (0 volatile) in 8 slots HT.
[38936] 15 Nov 19:21:51 - 1 clients connected (0 slaves), 1071440 bytes in use
[38936] 15 Nov 19:21:56 - DB 0: 4 keys (0 volatile) in 8 slots HT.
[38936] 15 Nov 19:21:56 - 1 clients connected (0 slaves), 1071440 bytes in use
[38936] 15 Nov 19:22:01 - DB 0: 4 keys (0 volatile) in 8 slots HT.
[38936] 15 Nov 19:22:01 - 1 clients connected (0 slaves), 1071440 bytes in use
[38936] 15 Nov 19:22:06 - DB 0: 4 keys (0 volatile) in 8 slots HT.
[38936] 15 Nov 19:22:06 - 1 clients connected (0 slaves), 1071440 bytes in use
[38936] 15 Nov 19:22:11 - DB 0: 4 keys (0 volatile) in 8 slots HT.
[38936] 15 Nov 19:22:11 - 1 clients connected (0 slaves), 1071440 bytes in use
[38936] 15 Nov 19:22:16 - DB 0: 4 keys (0 volatile) in 8 slots HT.
[38936] 15 Nov 19:22:16 - 1 clients connected (0 slaves), 1071440 bytes in use
[38936] 15 Nov 19:22:21 - DB 0: 4 keys (0 volatile) in 8 slots HT.
[38936] 15 Nov 19:22:21 - 1 clients connected (0 slaves), 1071440 bytes in use
[38936] 15 Nov 19:22:26 - DB 0: 4 keys (0 volatile) in 8 slots HT.
[38936] 15 Nov 19:22:26 - 1 clients connected (0 slaves), 1071440 bytes in use
[38936] 15 Nov 19:22:26 - Closing idle client
[38936] 15 Nov 19:22:32 - DB 0: 4 keys (0 volatile) in 8 slots HT.
[38936] 15 Nov 19:22:32 - 0 clients connected (0 slaves), 1070848 bytes in use
[38936] 15 Nov 19:22:37 - DB 0: 4 keys (0 volatile) in 8 slots HT.
[38936] 15 Nov 19:22:37 - 0 clients connected (0 slaves), 1070848 bytes in use
[38936] 15 Nov 19:22:42 - DB 0: 4 keys (0 volatile) in 8 slots HT.
[38936] 15 Nov 19:22:42 - 0 clients connected (0 slaves), 1070848 bytes in use
[38936] 15 Nov 19:22:45 - Accepted 127.0.0.1:53559
[38936] 15 Nov 19:22:47 - DB 0: 6 keys (0 volatile) in 8 slots HT.
[38936] 15 Nov 19:22:47 - 1 clients connected (0 slaves), 1072176 bytes in use
[38936] 15 Nov 19:22:52 - DB 0: 6 keys (0 volatile) in 8 slots HT.
[38936] 15 Nov 19:22:52 - 1 clients connected (0 slaves), 1072176 bytes in use
[38936] 15 Nov 19:22:57 - DB 0: 6 keys (0 volatile) in 8 slots HT.
[38936] 15 Nov 19:22:57 - 1 clients connected (0 slaves), 1072176 bytes in use
[38936] 15 Nov 19:23:02 - DB 0: 6 keys (0 volatile) in 8 slots HT.
[38936] 15 Nov 19:23:02 - 1 clients connected (0 slaves), 1072304 bytes in use
[38936] 15 Nov 19:23:07 - DB 0: 6 keys (0 volatile) in 8 slots HT.
[38936] 15 Nov 19:23:07 - 1 clients connected (0 slaves), 1072304 bytes in use
[38936] 15 Nov 19:23:12 - DB 0: 6 keys (0 volatile) in 8 slots HT.
[38936] 15 Nov 19:23:12 - 1 clients connected (0 slaves), 1072304 bytes in use
[38936] 15 Nov 19:23:17 - DB 0: 6 keys (0 volatile) in 8 slots HT.
[38936] 15 Nov 19:23:17 - 1 clients connected (0 slaves), 1072304 bytes in use
[38936] 15 Nov 19:23:22 - DB 0: 6 keys (0 volatile) in 8 slots HT.
[38936] 15 Nov 19:23:22 - 1 clients connected (0 slaves), 1072304 bytes in use
[38936] 15 Nov 19:23:27 - DB 0: 6 keys (0 volatile) in 8 slots HT.
[38936] 15 Nov 19:23:27 - 1 clients connected (0 slaves), 1072304 bytes in use
[38936] 15 Nov 19:23:32 - DB 0: 6 keys (0 volatile) in 8 slots HT.
[38936] 15 Nov 19:23:32 - 1 clients connected (0 slaves), 1072304 bytes in use
[38936] 15 Nov 19:23:37 - DB 0: 6 keys (0 volatile) in 8 slots HT.
[38936] 15 Nov 19:23:37 - 1 clients connected (0 slaves), 1072304 bytes in use
[38936] 15 Nov 19:23:37 - Closing idle client
[38936] 15 Nov 19:23:42 - DB 0: 6 keys (0 volatile) in 8 slots HT.
[38936] 15 Nov 19:23:42 - 0 clients connected (0 slaves), 1071712 bytes in use
[38936] 15 Nov 19:23:47 - DB 0: 6 keys (0 volatile) in 8 slots HT.
[38936] 15 Nov 19:23:47 - 0 clients connected (0 slaves), 1071712 bytes in use
[38936] 15 Nov 19:23:52 - DB 0: 6 keys (0 volatile) in 8 slots HT.
[38936] 15 Nov 19:23:52 - 0 clients connected (0 slaves), 1071712 bytes in use
[38936] 15 Nov 19:23:57 - DB 0: 6 keys (0 volatile) in 8 slots HT.
[38936] 15 Nov 19:23:57 - 0 clients connected (0 slaves), 1071712 bytes in use
[38936] 15 Nov 19:24:02 - DB 0: 6 keys (0 volatile) in 8 slots HT.
[38936] 15 Nov 19:24:02 - 0 clients connected (0 slaves), 1071712 bytes in use
[38936] 15 Nov 19:24:07 - DB 0: 6 keys (0 volatile) in 8 slots HT.
[38936] 15 Nov 19:24:07 - 0 clients connected (0 slaves), 1071712 bytes in use
[38936] 15 Nov 19:24:12 - DB 0: 6 keys (0 volatile) in 8 slots HT.
[38936] 15 Nov 19:24:12 - 0 clients connected (0 slaves), 1071712 bytes in use
[38936] 15 Nov 19:24:17 - DB 0: 6 keys (0 volatile) in 8 slots HT.
[38936] 15 Nov 19:24:17 - 0 clients connected (0 slaves), 1071712 bytes in use
[38936] 15 Nov 19:24:22 - DB 0: 6 keys (0 volatile) in 8 slots HT.
[38936] 15 Nov 19:24:22 - 0 clients connected (0 slaves), 1071712 bytes in use
[38936] 15 Nov 19:24:27 - DB 0: 6 keys (0 volatile) in 8 slots HT.
[38936] 15 Nov 19:24:27 - 0 clients connected (0 slaves), 1071712 bytes in use
[38936] 15 Nov 19:24:32 - DB 0: 6 keys (0 volatile) in 8 slots HT.
[38936] 15 Nov 19:24:32 - 0 clients connected (0 slaves), 1071712 bytes in use
[38936] 15 Nov 19:24:37 - DB 0: 6 keys (0 volatile) in 8 slots HT.
[38936] 15 Nov 19:24:37 - 0 clients connected (0 slaves), 1071712 bytes in use
[38936] 15 Nov 19:24:42 - DB 0: 6 keys (0 volatile) in 8 slots HT.
[38936] 15 Nov 19:24:42 - 0 clients connected (0 slaves), 1071712 bytes in use
[38936] 15 Nov 19:24:47 - DB 0: 6 keys (0 volatile) in 8 slots HT.
[38936] 15 Nov 19:24:47 - 0 clients connected (0 slaves), 1071712 bytes in use
[38936] 15 Nov 19:24:52 - DB 0: 6 keys (0 volatile) in 8 slots HT.
[38936] 15 Nov 19:24:52 - 0 clients connected (0 slaves), 1071712 bytes in use
[38936] 15 Nov 19:24:57 - DB 0: 6 keys (0 volatile) in 8 slots HT.
[38936] 15 Nov 19:24:57 - 0 clients connected (0 slaves), 1071712 bytes in use
[38936] 15 Nov 19:25:02 - DB 0: 6 keys (0 volatile) in 8 slots HT.
[38936] 15 Nov 19:25:02 - 0 clients connected (0 slaves), 1071712 bytes in use
[38936] 15 Nov 19:25:07 - DB 0: 6 keys (0 volatile) in 8 slots HT.
[38936] 15 Nov 19:25:07 - 0 clients connected (0 slaves), 1071712 bytes in use
[38936] 15 Nov 19:25:12 - DB 0: 6 keys (0 volatile) in 8 slots HT.
[38936] 15 Nov 19:25:12 - 0 clients connected (0 slaves), 1071712 bytes in use
[38936] 15 Nov 19:25:17 - DB 0: 6 keys (0 volatile) in 8 slots HT.
[38936] 15 Nov 19:25:17 - 0 clients connected (0 slaves), 1071712 bytes in use
[38936] 15 Nov 19:25:22 - DB 0: 6 keys (0 volatile) in 8 slots HT.
[38936] 15 Nov 19:25:22 - 0 clients connected (0 slaves), 1071712 bytes in use
[38936] 15 Nov 19:25:27 - DB 0: 6 keys (0 volatile) in 8 slots HT.
[38936] 15 Nov 19:25:28 - 0 clients connected (0 slaves), 1071712 bytes in use
[38936] 15 Nov 19:25:33 - DB 0: 6 keys (0 volatile) in 8 slots HT.
[38936] 15 Nov 19:25:33 - 0 clients connected (0 slaves), 1071712 bytes in use
[38936] 15 Nov 19:25:38 - DB 0: 6 keys (0 volatile) in 8 slots HT.
[38936] 15 Nov 19:25:38 - 0 clients connected (0 slaves), 1071712 bytes in use
[38936] 15 Nov 19:25:43 - DB 0: 6 keys (0 volatile) in 8 slots HT.
[38936] 15 Nov 19:25:43 - 0 clients connected (0 slaves), 1071712 bytes in use
[38936] 15 Nov 19:25:48 - DB 0: 6 keys (0 volatile) in 8 slots HT.
[38936] 15 Nov 19:25:48 - 0 clients connected (0 slaves), 1071712 bytes in use
[38936] 15 Nov 19:25:53 - DB 0: 6 keys (0 volatile) in 8 slots HT.
[38936] 15 Nov 19:25:53 - 0 clients connected (0 slaves), 1071712 bytes in use
[38936] 15 Nov 19:25:58 - DB 0: 6 keys (0 volatile) in 8 slots HT.
[38936] 15 Nov 19:25:58 - 0 clients connected (0 slaves), 1071712 bytes in use
[38936] 15 Nov 19:26:02 * 10 changes in 300 seconds. Saving...
[38936] 15 Nov 19:26:02 * Background saving started by pid 39141
[39141] 15 Nov 19:26:02 * DB saved on disk
[38936] 15 Nov 19:26:02 * Background saving terminated with success
[38936] 15 Nov 19:26:03 - DB 0: 6 keys (0 volatile) in 8 slots HT.
[38936] 15 Nov 19:26:03 - 0 clients connected (0 slaves), 1071712 bytes in use
[38936] 15 Nov 19:26:08 - DB 0: 6 keys (0 volatile) in 8 slots HT.
[38936] 15 Nov 19:26:08 - 0 clients connected (0 slaves), 1071712 bytes in use
[38936] 15 Nov 19:26:13 - DB 0: 6 keys (0 volatile) in 8 slots HT.
[38936] 15 Nov 19:26:13 - 0 clients connected (0 slaves), 1071712 bytes in use
[38936] 15 Nov 19:26:18 - DB 0: 6 keys (0 volatile) in 8 slots HT.
[38936] 15 Nov 19:26:18 - 0 clients connected (0 slaves), 1071712 bytes in use
[38936] 15 Nov 19:26:23 - DB 0: 6 keys (0 volatile) in 8 slots HT.
[38936] 15 Nov 19:26:23 - 0 clients connected (0 slaves), 1071712 bytes in use
[38936] 15 Nov 19:26:28 - DB 0: 6 keys (0 volatile) in 8 slots HT.
[38936] 15 Nov 19:26:28 - 0 clients connected (0 slaves), 1071712 bytes in use
[38936] 15 Nov 19:26:33 - DB 0: 6 keys (0 volatile) in 8 slots HT.
[38936] 15 Nov 19:26:33 - 0 clients connected (0 slaves), 1071712 bytes in use
[38936] 15 Nov 19:26:38 - DB 0: 6 keys (0 volatile) in 8 slots HT.
[38936] 15 Nov 19:26:38 - 0 clients connected (0 slaves), 1071712 bytes in use
[38936] 15 Nov 19:26:43 - DB 0: 6 keys (0 volatile) in 8 slots HT.
[38936] 15 Nov 19:26:43 - 0 clients connected (0 slaves), 1071712 bytes in use
[38936] 15 Nov 19:26:48 - DB 0: 6 keys (0 volatile) in 8 slots HT.
[38936] 15 Nov 19:26:48 - 0 clients connected (0 slaves), 1071712 bytes in use
[38936] 15 Nov 19:26:53 - DB 0: 6 keys (0 volatile) in 8 slots HT.
[38936] 15 Nov 19:26:53 - 0 clients connected (0 slaves), 1071712 bytes in use
[38936] 15 Nov 19:26:58 - DB 0: 6 keys (0 volatile) in 8 slots HT.
[38936] 15 Nov 19:26:58 - 0 clients connected (0 slaves), 1071712 bytes in use
[38936] 15 Nov 19:27:03 - DB 0: 6 keys (0 volatile) in 8 slots HT.
[38936] 15 Nov 19:27:03 - 0 clients connected (0 slaves), 1071712 bytes in use
[38936] 15 Nov 19:27:08 - DB 0: 6 keys (0 volatile) in 8 slots HT.
[38936] 15 Nov 19:27:08 - 0 clients connected (0 slaves), 1071712 bytes in use
[38936] 15 Nov 19:27:13 - DB 0: 6 keys (0 volatile) in 8 slots HT.
[38936] 15 Nov 19:27:13 - 0 clients connected (0 slaves), 1071712 bytes in use
[38936] 15 Nov 19:27:18 - DB 0: 6 keys (0 volatile) in 8 slots HT.
[38936] 15 Nov 19:27:18 - 0 clients connected (0 slaves), 1071712 bytes in use
[38936] 15 Nov 19:27:23 - DB 0: 6 keys (0 volatile) in 8 slots HT.
[38936] 15 Nov 19:27:23 - 0 clients connected (0 slaves), 1071712 bytes in use
[38936] 15 Nov 19:27:28 - DB 0: 6 keys (0 volatile) in 8 slots HT.
[38936] 15 Nov 19:27:28 - 0 clients connected (0 slaves), 1071712 bytes in use
[38936] 15 Nov 19:27:34 - DB 0: 6 keys (0 volatile) in 8 slots HT.
[38936] 15 Nov 19:27:34 - 0 clients connected (0 slaves), 1071712 bytes in use
[38936] 15 Nov 19:27:39 - DB 0: 6 keys (0 volatile) in 8 slots HT.
[38936] 15 Nov 19:27:39 - 0 clients connected (0 slaves), 1071712 bytes in use
[38936] 15 Nov 19:27:44 - DB 0: 6 keys (0 volatile) in 8 slots HT.
[38936] 15 Nov 19:27:44 - 0 clients connected (0 slaves), 1071712 bytes in use
[38936] 15 Nov 19:27:49 - DB 0: 6 keys (0 volatile) in 8 slots HT.
[38936] 15 Nov 19:27:49 - 0 clients connected (0 slaves), 1071712 bytes in use
[38936] 15 Nov 19:27:54 - DB 0: 6 keys (0 volatile) in 8 slots HT.
[38936] 15 Nov 19:27:54 - 0 clients connected (0 slaves), 1071712 bytes in use
[38936] 15 Nov 19:27:59 - DB 0: 6 keys (0 volatile) in 8 slots HT.
[38936] 15 Nov 19:27:59 - 0 clients connected (0 slaves), 1071712 bytes in use
[38936] 15 Nov 19:28:04 - DB 0: 6 keys (0 volatile) in 8 slots HT.
[38936] 15 Nov 19:28:04 - 0 clients connected (0 slaves), 1071712 bytes in use
[38936] 15 Nov 19:28:09 - DB 0: 6 keys (0 volatile) in 8 slots HT.
[38936] 15 Nov 19:28:09 - 0 clients connected (0 slaves), 1071712 bytes in use
[38936] 15 Nov 19:28:14 - DB 0: 6 keys (0 volatile) in 8 slots HT.
[38936] 15 Nov 19:28:14 - 0 clients connected (0 slaves), 1071712 bytes in use
[38936] 15 Nov 19:28:19 - DB 0: 6 keys (0 volatile) in 8 slots HT.
[38936] 15 Nov 19:28:19 - 0 clients connected (0 slaves), 1071712 bytes in use
[38936] 15 Nov 19:28:24 - DB 0: 6 keys (0 volatile) in 8 slots HT.
[38936] 15 Nov 19:28:24 - 0 clients connected (0 slaves), 1071712 bytes in use
[38936] 15 Nov 19:28:29 - DB 0: 6 keys (0 volatile) in 8 slots HT.
[38936] 15 Nov 19:28:29 - 0 clients connected (0 slaves), 1071712 bytes in use
[38936] 15 Nov 19:28:34 - DB 0: 6 keys (0 volatile) in 8 slots HT.
[38936] 15 Nov 19:28:34 - 0 clients connected (0 slaves), 1071712 bytes in use
[38936] 15 Nov 19:28:39 - DB 0: 6 keys (0 volatile) in 8 slots HT.
[38936] 15 Nov 19:28:39 - 0 clients connected (0 slaves), 1071712 bytes in use
[38936] 15 Nov 19:28:44 - DB 0: 6 keys (0 volatile) in 8 slots HT.
[38936] 15 Nov 19:28:44 - 0 clients connected (0 slaves), 1071712 bytes in use
[38936] 15 Nov 19:28:49 - DB 0: 6 keys (0 volatile) in 8 slots HT.
[38936] 15 Nov 19:28:49 - 0 clients connected (0 slaves), 1071712 bytes in use
[38936] 15 Nov 19:28:52 - Accepted 127.0.0.1:53573
[38936] 15 Nov 19:28:54 - DB 0: 6 keys (0 volatile) in 8 slots HT.
[38936] 15 Nov 19:28:54 - 1 clients connected (0 slaves), 1072304 bytes in use
[38936] 15 Nov 19:28:59 - DB 0: 6 keys (0 volatile) in 8 slots HT.
[38936] 15 Nov 19:28:59 - 1 clients connected (0 slaves), 1072304 bytes in use
[38936] 15 Nov 19:29:04 - DB 0: 6 keys (0 volatile) in 8 slots HT.
[38936] 15 Nov 19:29:04 - 1 clients connected (0 slaves), 1072304 bytes in use
[38936] 15 Nov 19:29:09 - DB 0: 6 keys (0 volatile) in 8 slots HT.
[38936] 15 Nov 19:29:09 - 1 clients connected (0 slaves), 1072304 bytes in use
[38936] 15 Nov 19:29:14 - DB 0: 6 keys (0 volatile) in 8 slots HT.
[38936] 15 Nov 19:29:14 - 1 clients connected (0 slaves), 1072304 bytes in use
[38936] 15 Nov 19:29:19 - DB 0: 6 keys (0 volatile) in 8 slots HT.
[38936] 15 Nov 19:29:19 - 1 clients connected (0 slaves), 1072304 bytes in use
[38936] 15 Nov 19:29:24 - DB 0: 6 keys (0 volatile) in 8 slots HT.
[38936] 15 Nov 19:29:24 - 1 clients connected (0 slaves), 1072304 bytes in use
[38936] 15 Nov 19:29:29 - DB 0: 6 keys (0 volatile) in 8 slots HT.
[38936] 15 Nov 19:29:29 - 1 clients connected (0 slaves), 1072304 bytes in use
[38936] 15 Nov 19:29:34 - DB 0: 6 keys (0 volatile) in 8 slots HT.
[38936] 15 Nov 19:29:34 - 1 clients connected (0 slaves), 1072304 bytes in use
[38936] 15 Nov 19:29:39 - DB 0: 6 keys (0 volatile) in 8 slots HT.
[38936] 15 Nov 19:29:39 - 1 clients connected (0 slaves), 1072304 bytes in use
[38936] 15 Nov 19:29:39 - Closing idle client
[38936] 15 Nov 19:29:44 - DB 0: 6 keys (0 volatile) in 8 slots HT.
[38936] 15 Nov 19:29:44 - 0 clients connected (0 slaves), 1071712 bytes in use
[38936] 15 Nov 19:29:49 - DB 0: 6 keys (0 volatile) in 8 slots HT.
[38936] 15 Nov 19:29:49 - 0 clients connected (0 slaves), 1071712 bytes in use
[38936] 15 Nov 19:29:54 - DB 0: 6 keys (0 volatile) in 8 slots HT.
[38936] 15 Nov 19:29:54 - 0 clients connected (0 slaves), 1071712 bytes in use
[38936] 15 Nov 19:29:59 - DB 0: 6 keys (0 volatile) in 8 slots HT.
[38936] 15 Nov 19:29:59 - 0 clients connected (0 slaves), 1071712 bytes in use
[38936] 15 Nov 19:30:04 - DB 0: 6 keys (0 volatile) in 8 slots HT.
[38936] 15 Nov 19:30:04 - 0 clients connected (0 slaves), 1071712 bytes in use
[38936] 15 Nov 19:30:09 - DB 0: 6 keys (0 volatile) in 8 slots HT.
[38936] 15 Nov 19:30:09 - 0 clients connected (0 slaves), 1071712 bytes in use
[38936] 15 Nov 19:30:14 - DB 0: 6 keys (0 volatile) in 8 slots HT.
[38936] 15 Nov 19:30:14 - 0 clients connected (0 slaves), 1071712 bytes in use
[38936] 15 Nov 19:30:16 - Accepted 127.0.0.1:53574
[38936] 15 Nov 19:30:16 * DB saved on disk
[38936] 15 Nov 19:30:19 - DB 0: 8 keys (0 volatile) in 8 slots HT.
[38936] 15 Nov 19:30:19 - 1 clients connected (0 slaves), 1072848 bytes in use
[38936] 15 Nov 19:30:24 - DB 0: 8 keys (0 volatile) in 8 slots HT.
[38936] 15 Nov 19:30:25 - 1 clients connected (0 slaves), 1072848 bytes in use
[38936] 15 Nov 19:30:26 - Client closed connection
[38936] 15 Nov 19:30:30 - DB 0: 8 keys (0 volatile) in 8 slots HT.
[38936] 15 Nov 19:30:30 - 0 clients connected (0 slaves), 1072256 bytes in use
[38936] 15 Nov 19:30:35 - DB 0: 8 keys (0 volatile) in 8 slots HT.
[38936] 15 Nov 19:30:35 - 0 clients connected (0 slaves), 1072256 bytes in use
[38936] 15 Nov 19:30:40 - DB 0: 8 keys (0 volatile) in 8 slots HT.
[38936] 15 Nov 19:30:40 - 0 clients connected (0 slaves), 1072256 bytes in use
[38936] 15 Nov 19:30:42 - Accepted 127.0.0.1:53577
[38936] 15 Nov 19:30:42 * DB saved on disk
[38936] 15 Nov 19:30:42 - Client closed connection
[38936] 15 Nov 19:30:45 - DB 0: 6 keys (0 volatile) in 8 slots HT.
[38936] 15 Nov 19:30:45 - 0 clients connected (0 slaves), 1071664 bytes in use
[38936] 15 Nov 19:30:50 - DB 0: 6 keys (0 volatile) in 8 slots HT.
[38936] 15 Nov 19:30:50 - 0 clients connected (0 slaves), 1071664 bytes in use
[38936] 15 Nov 19:30:55 - DB 0: 6 keys (0 volatile) in 8 slots HT.
[38936] 15 Nov 19:30:55 - 0 clients connected (0 slaves), 1071664 bytes in use
[38936] 15 Nov 19:31:00 - DB 0: 6 keys (0 volatile) in 8 slots HT.
[38936] 15 Nov 19:31:00 - 0 clients connected (0 slaves), 1071664 bytes in use
[38936] 15 Nov 19:31:00 - Accepted 127.0.0.1:53579
[38936] 15 Nov 19:31:00 * DB saved on disk
[38936] 15 Nov 19:31:00 - Client closed connection
[38936] 15 Nov 19:31:05 - DB 0: 6 keys (0 volatile) in 8 slots HT.
[38936] 15 Nov 19:31:05 - 0 clients connected (0 slaves), 1071680 bytes in use
[38936] 15 Nov 19:31:10 - DB 0: 6 keys (0 volatile) in 8 slots HT.
[38936] 15 Nov 19:31:10 - 0 clients connected (0 slaves), 1071680 bytes in use
[38936] 15 Nov 19:31:11 - Accepted 127.0.0.1:53580
[38936] 15 Nov 19:31:12 * DB saved on disk
[38936] 15 Nov 19:31:12 - Client closed connection
[38936] 15 Nov 19:31:15 - DB 0: 6 keys (0 volatile) in 8 slots HT.
[38936] 15 Nov 19:31:15 - 0 clients connected (0 slaves), 1071680 bytes in use
[38936] 15 Nov 19:31:20 - DB 0: 6 keys (0 volatile) in 8 slots HT.
[38936] 15 Nov 19:31:20 - 0 clients connected (0 slaves), 1071680 bytes in use
[38936] 15 Nov 19:31:25 - DB 0: 6 keys (0 volatile) in 8 slots HT.
[38936] 15 Nov 19:31:25 - 0 clients connected (0 slaves), 1071680 bytes in use
[38936] 15 Nov 19:31:30 - DB 0: 6 keys (0 volatile) in 8 slots HT.
[38936] 15 Nov 19:31:30 - 0 clients connected (0 slaves), 1071680 bytes in use
[38936] 15 Nov 19:31:35 - DB 0: 6 keys (0 volatile) in 8 slots HT.
[38936] 15 Nov 19:31:35 - 0 clients connected (0 slaves), 1071680 bytes in use
[38936] 15 Nov 19:31:40 - DB 0: 6 keys (0 volatile) in 8 slots HT.
[38936] 15 Nov 19:31:40 - 0 clients connected (0 slaves), 1071680 bytes in use
[38936] 15 Nov 19:31:45 - DB 0: 6 keys (0 volatile) in 8 slots HT.
[38936] 15 Nov 19:31:45 - 0 clients connected (0 slaves), 1071680 bytes in use
[38936] 15 Nov 19:31:50 - DB 0: 6 keys (0 volatile) in 8 slots HT.
[38936] 15 Nov 19:31:50 - 0 clients connected (0 slaves), 1071680 bytes in use
[38936] 15 Nov 19:31:55 - DB 0: 6 keys (0 volatile) in 8 slots HT.
[38936] 15 Nov 19:31:55 - 0 clients connected (0 slaves), 1071680 bytes in use
[38936] 15 Nov 19:32:00 - DB 0: 6 keys (0 volatile) in 8 slots HT.
[38936] 15 Nov 19:32:00 - 0 clients connected (0 slaves), 1071680 bytes in use
[38936] 15 Nov 19:32:05 - DB 0: 6 keys (0 volatile) in 8 slots HT.
[38936] 15 Nov 19:32:05 - 0 clients connected (0 slaves), 1071680 bytes in use
[38936] 15 Nov 19:32:10 - DB 0: 6 keys (0 volatile) in 8 slots HT.
[38936] 15 Nov 19:32:10 - 0 clients connected (0 slaves), 1071680 bytes in use
[38936] 15 Nov 19:32:15 - DB 0: 6 keys (0 volatile) in 8 slots HT.
[38936] 15 Nov 19:32:15 - 0 clients connected (0 slaves), 1071680 bytes in use
[38936] 15 Nov 19:32:20 - DB 0: 6 keys (0 volatile) in 8 slots HT.
[38936] 15 Nov 19:32:20 - 0 clients connected (0 slaves), 1071680 bytes in use
[38936] 15 Nov 19:32:25 - DB 0: 6 keys (0 volatile) in 8 slots HT.
[38936] 15 Nov 19:32:25 - 0 clients connected (0 slaves), 1071680 bytes in use
[38936] 15 Nov 19:32:30 - DB 0: 6 keys (0 volatile) in 8 slots HT.
[38936] 15 Nov 19:32:30 - 0 clients connected (0 slaves), 1071680 bytes in use
[38936] 15 Nov 19:32:35 - DB 0: 6 keys (0 volatile) in 8 slots HT.
[38936] 15 Nov 19:32:35 - 0 clients connected (0 slaves), 1071680 bytes in use
[38936] 15 Nov 19:32:40 - DB 0: 6 keys (0 volatile) in 8 slots HT.
[38936] 15 Nov 19:32:40 - 0 clients connected (0 slaves), 1071680 bytes in use
[38936] 15 Nov 19:32:45 - DB 0: 6 keys (0 volatile) in 8 slots HT.
[38936] 15 Nov 19:32:45 - 0 clients connected (0 slaves), 1071680 bytes in use
[38936] 15 Nov 19:32:50 - DB 0: 6 keys (0 volatile) in 8 slots HT.
[38936] 15 Nov 19:32:50 - 0 clients connected (0 slaves), 1071680 bytes in use
[38936] 15 Nov 19:32:55 - DB 0: 6 keys (0 volatile) in 8 slots HT.
[38936] 15 Nov 19:32:55 - 0 clients connected (0 slaves), 1071680 bytes in use
[38936] 15 Nov 19:33:00 - DB 0: 6 keys (0 volatile) in 8 slots HT.
[38936] 15 Nov 19:33:00 - 0 clients connected (0 slaves), 1071680 bytes in use
[38936] 15 Nov 19:33:05 - DB 0: 6 keys (0 volatile) in 8 slots HT.
[38936] 15 Nov 19:33:05 - 0 clients connected (0 slaves), 1071680 bytes in use
[38936] 15 Nov 19:33:10 - DB 0: 6 keys (0 volatile) in 8 slots HT.
[38936] 15 Nov 19:33:10 - 0 clients connected (0 slaves), 1071680 bytes in use
[38936] 15 Nov 19:33:15 - DB 0: 6 keys (0 volatile) in 8 slots HT.
[38936] 15 Nov 19:33:15 - 0 clients connected (0 slaves), 1071680 bytes in use
[38936] 15 Nov 19:33:20 - DB 0: 6 keys (0 volatile) in 8 slots HT.
[38936] 15 Nov 19:33:20 - 0 clients connected (0 slaves), 1071680 bytes in use
[38936] 15 Nov 19:33:25 - DB 0: 6 keys (0 volatile) in 8 slots HT.
[38936] 15 Nov 19:33:25 - 0 clients connected (0 slaves), 1071680 bytes in use
[38936] 15 Nov 19:33:30 - DB 0: 6 keys (0 volatile) in 8 slots HT.
[38936] 15 Nov 19:33:30 - 0 clients connected (0 slaves), 1071680 bytes in use
[38936] 15 Nov 19:33:35 - DB 0: 6 keys (0 volatile) in 8 slots HT.
[38936] 15 Nov 19:33:35 - 0 clients connected (0 slaves), 1071680 bytes in use
[38936] 15 Nov 19:33:40 - DB 0: 6 keys (0 volatile) in 8 slots HT.
[38936] 15 Nov 19:33:40 - 0 clients connected (0 slaves), 1071680 bytes in use
[38936] 15 Nov 19:33:45 - DB 0: 6 keys (0 volatile) in 8 slots HT.
[38936] 15 Nov 19:33:45 - 0 clients connected (0 slaves), 1071680 bytes in use
[38936] 15 Nov 19:33:50 - DB 0: 6 keys (0 volatile) in 8 slots HT.
[38936] 15 Nov 19:33:50 - 0 clients connected (0 slaves), 1071680 bytes in use
[38936] 15 Nov 19:33:56 - DB 0: 6 keys (0 volatile) in 8 slots HT.
[38936] 15 Nov 19:33:56 - 0 clients connected (0 slaves), 1071680 bytes in use
[38936] 15 Nov 19:34:01 - DB 0: 6 keys (0 volatile) in 8 slots HT.
[38936] 15 Nov 19:34:01 - 0 clients connected (0 slaves), 1071680 bytes in use
[38936] 15 Nov 19:34:06 - DB 0: 6 keys (0 volatile) in 8 slots HT.
[38936] 15 Nov 19:34:06 - 0 clients connected (0 slaves), 1071680 bytes in use
[38936] 15 Nov 19:34:11 - DB 0: 6 keys (0 volatile) in 8 slots HT.
[38936] 15 Nov 19:34:11 - 0 clients connected (0 slaves), 1071680 bytes in use
[38936] 15 Nov 19:34:16 - DB 0: 6 keys (0 volatile) in 8 slots HT.
[38936] 15 Nov 19:34:16 - 0 clients connected (0 slaves), 1071680 bytes in use
[38936] 15 Nov 19:34:21 - DB 0: 6 keys (0 volatile) in 8 slots HT.
[38936] 15 Nov 19:34:21 - 0 clients connected (0 slaves), 1071680 bytes in use
[38936] 15 Nov 19:34:26 - DB 0: 6 keys (0 volatile) in 8 slots HT.
[38936] 15 Nov 19:34:26 - 0 clients connected (0 slaves), 1071680 bytes in use
[38936] 15 Nov 19:34:31 - DB 0: 6 keys (0 volatile) in 8 slots HT.
[38936] 15 Nov 19:34:31 - 0 clients connected (0 slaves), 1071680 bytes in use
[38936] 15 Nov 19:34:36 - DB 0: 6 keys (0 volatile) in 8 slots HT.
[38936] 15 Nov 19:34:36 - 0 clients connected (0 slaves), 1071680 bytes in use
[38936] 15 Nov 19:34:41 - DB 0: 6 keys (0 volatile) in 8 slots HT.
[38936] 15 Nov 19:34:41 - 0 clients connected (0 slaves), 1071680 bytes in use
[38936] 15 Nov 19:34:46 - DB 0: 6 keys (0 volatile) in 8 slots HT.
[38936] 15 Nov 19:34:46 - 0 clients connected (0 slaves), 1071680 bytes in use
[38936] 15 Nov 19:34:51 - DB 0: 6 keys (0 volatile) in 8 slots HT.
[38936] 15 Nov 19:34:51 - 0 clients connected (0 slaves), 1071680 bytes in use
[38936] 15 Nov 19:34:56 - DB 0: 6 keys (0 volatile) in 8 slots HT.
[38936] 15 Nov 19:34:56 - 0 clients connected (0 slaves), 1071680 bytes in use
[38936] 15 Nov 19:35:01 - DB 0: 6 keys (0 volatile) in 8 slots HT.
[38936] 15 Nov 19:35:01 - 0 clients connected (0 slaves), 1071680 bytes in use
[38936] 15 Nov 19:35:06 - DB 0: 6 keys (0 volatile) in 8 slots HT.
[38936] 15 Nov 19:35:06 - 0 clients connected (0 slaves), 1071680 bytes in use
[38936] 15 Nov 19:35:11 - DB 0: 6 keys (0 volatile) in 8 slots HT.
[38936] 15 Nov 19:35:11 - 0 clients connected (0 slaves), 1071680 bytes in use
[38936] 15 Nov 19:35:16 - DB 0: 6 keys (0 volatile) in 8 slots HT.
[38936] 15 Nov 19:35:16 - 0 clients connected (0 slaves), 1071680 bytes in use
[38936] 15 Nov 19:35:21 - DB 0: 6 keys (0 volatile) in 8 slots HT.
[38936] 15 Nov 19:35:21 - 0 clients connected (0 slaves), 1071680 bytes in use
[38936] 15 Nov 19:35:26 - Accepted 127.0.0.1:53599
[38936] 15 Nov 19:35:26 * DB saved on disk
[38936] 15 Nov 19:35:26 - Client closed connection
[38936] 15 Nov 19:35:26 - DB 0: 6 keys (0 volatile) in 8 slots HT.
[38936] 15 Nov 19:35:26 - 0 clients connected (0 slaves), 1071680 bytes in use
[38936] 15 Nov 19:35:31 - DB 0: 6 keys (0 volatile) in 8 slots HT.
[38936] 15 Nov 19:35:31 - 0 clients connected (0 slaves), 1071680 bytes in use
[38936] 15 Nov 19:35:36 - DB 0: 6 keys (0 volatile) in 8 slots HT.
[38936] 15 Nov 19:35:36 - 0 clients connected (0 slaves), 1071680 bytes in use
[38936] 15 Nov 19:35:41 - DB 0: 6 keys (0 volatile) in 8 slots HT.
[38936] 15 Nov 19:35:41 - 0 clients connected (0 slaves), 1071680 bytes in use
[38936] 15 Nov 19:35:46 - DB 0: 6 keys (0 volatile) in 8 slots HT.
[38936] 15 Nov 19:35:46 - 0 clients connected (0 slaves), 1071680 bytes in use
[38936] 15 Nov 19:35:51 - DB 0: 6 keys (0 volatile) in 8 slots HT.
[38936] 15 Nov 19:35:51 - 0 clients connected (0 slaves), 1071680 bytes in use
[38936] 15 Nov 19:35:56 - DB 0: 6 keys (0 volatile) in 8 slots HT.
[38936] 15 Nov 19:35:56 - 0 clients connected (0 slaves), 1071680 bytes in use
[38936] 15 Nov 19:36:01 - DB 0: 6 keys (0 volatile) in 8 slots HT.
[38936] 15 Nov 19:36:01 - 0 clients connected (0 slaves), 1071680 bytes in use
[38936] 15 Nov 19:36:06 - DB 0: 6 keys (0 volatile) in 8 slots HT.
[38936] 15 Nov 19:36:06 - 0 clients connected (0 slaves), 1071680 bytes in use
[38936] 15 Nov 19:36:11 - DB 0: 6 keys (0 volatile) in 8 slots HT.
[38936] 15 Nov 19:36:11 - 0 clients connected (0 slaves), 1071680 bytes in use
[38936] 15 Nov 19:36:16 - DB 0: 6 keys (0 volatile) in 8 slots HT.
[38936] 15 Nov 19:36:16 - 0 clients connected (0 slaves), 1071680 bytes in use
[38936] 15 Nov 19:36:21 - DB 0: 6 keys (0 volatile) in 8 slots HT.
[38936] 15 Nov 19:36:21 - 0 clients connected (0 slaves), 1071680 bytes in use
[38936] 15 Nov 19:36:26 - DB 0: 6 keys (0 volatile) in 8 slots HT.
[38936] 15 Nov 19:36:26 - 0 clients connected (0 slaves), 1071680 bytes in use
[38936] 15 Nov 19:36:31 - DB 0: 6 keys (0 volatile) in 8 slots HT.
[38936] 15 Nov 19:36:31 - 0 clients connected (0 slaves), 1071680 bytes in use
[38936] 15 Nov 19:36:36 - DB 0: 6 keys (0 volatile) in 8 slots HT.
[38936] 15 Nov 19:36:36 - 0 clients connected (0 slaves), 1071680 bytes in use
[38936] 15 Nov 19:36:41 - DB 0: 6 keys (0 volatile) in 8 slots HT.
[38936] 15 Nov 19:36:41 - 0 clients connected (0 slaves), 1071680 bytes in use
[38936] 15 Nov 19:36:46 - DB 0: 6 keys (0 volatile) in 8 slots HT.
[38936] 15 Nov 19:36:46 - 0 clients connected (0 slaves), 1071680 bytes in use
[38936] 15 Nov 19:36:51 - DB 0: 6 keys (0 volatile) in 8 slots HT.
[38936] 15 Nov 19:36:51 - 0 clients connected (0 slaves), 1071680 bytes in use
[38936] 15 Nov 19:36:56 - DB 0: 6 keys (0 volatile) in 8 slots HT.
[38936] 15 Nov 19:36:56 - 0 clients connected (0 slaves), 1071680 bytes in use
[38936] 15 Nov 19:36:56 - Accepted 127.0.0.1:53600
[38936] 15 Nov 19:36:56 * DB saved on disk
[38936] 15 Nov 19:36:56 - Client closed connection
[38936] 15 Nov 19:37:01 - DB 0: 6 keys (0 volatile) in 8 slots HT.
[38936] 15 Nov 19:37:01 - 0 clients connected (0 slaves), 1071696 bytes in use
[38936] 15 Nov 19:37:06 - DB 0: 6 keys (0 volatile) in 8 slots HT.
[38936] 15 Nov 19:37:06 - 0 clients connected (0 slaves), 1071696 bytes in use
[38936] 15 Nov 19:37:11 - DB 0: 6 keys (0 volatile) in 8 slots HT.
[38936] 15 Nov 19:37:11 - 0 clients connected (0 slaves), 1071696 bytes in use
[38936] 15 Nov 19:37:15 - Accepted 127.0.0.1:53601
[38936] 15 Nov 19:37:15 * DB saved on disk
[38936] 15 Nov 19:37:15 - Client closed connection
[38936] 15 Nov 19:37:16 - DB 0: 8 keys (0 volatile) in 8 slots HT.
[38936] 15 Nov 19:37:16 - 0 clients connected (0 slaves), 1072304 bytes in use
[38936] 15 Nov 19:37:21 - DB 0: 8 keys (0 volatile) in 8 slots HT.
[38936] 15 Nov 19:37:21 - 0 clients connected (0 slaves), 1072304 bytes in use
[38936] 15 Nov 19:37:26 - DB 0: 8 keys (0 volatile) in 8 slots HT.
[38936] 15 Nov 19:37:26 - 0 clients connected (0 slaves), 1072304 bytes in use
[38936] 15 Nov 19:37:31 - DB 0: 8 keys (0 volatile) in 8 slots HT.
[38936] 15 Nov 19:37:31 - 0 clients connected (0 slaves), 1072304 bytes in use
[38936] 15 Nov 19:37:33 - Accepted 127.0.0.1:53610
[38936] 15 Nov 19:37:33 * DB saved on disk
[38936] 15 Nov 19:37:33 - Client closed connection
[38936] 15 Nov 19:37:36 - DB 0: 8 keys (0 volatile) in 8 slots HT.
[38936] 15 Nov 19:37:36 - 0 clients connected (0 slaves), 1072304 bytes in use
[38936] 15 Nov 19:37:41 - DB 0: 8 keys (0 volatile) in 8 slots HT.
[38936] 15 Nov 19:37:41 - 0 clients connected (0 slaves), 1072304 bytes in use
[38936] 15 Nov 19:37:46 - DB 0: 8 keys (0 volatile) in 8 slots HT.
[38936] 15 Nov 19:37:46 - 0 clients connected (0 slaves), 1072304 bytes in use
[38936] 15 Nov 19:37:51 - DB 0: 8 keys (0 volatile) in 8 slots HT.
[38936] 15 Nov 19:37:51 - 0 clients connected (0 slaves), 1072304 bytes in use
[38936] 15 Nov 19:37:52 - Accepted 127.0.0.1:53612
[38936] 15 Nov 19:37:52 * DB saved on disk
[38936] 15 Nov 19:37:52 - Client closed connection
[38936] 15 Nov 19:37:56 - DB 0: 8 keys (0 volatile) in 8 slots HT.
[38936] 15 Nov 19:37:56 - 0 clients connected (0 slaves), 1072304 bytes in use
[38936] 15 Nov 19:38:01 - DB 0: 8 keys (0 volatile) in 8 slots HT.
[38936] 15 Nov 19:38:01 - 0 clients connected (0 slaves), 1072304 bytes in use
[38936] 15 Nov 19:38:04 - Accepted 127.0.0.1:53613
[38936] 15 Nov 19:38:04 * DB saved on disk
[38936] 15 Nov 19:38:04 - Client closed connection
[38936] 15 Nov 19:38:06 - DB 0: 8 keys (0 volatile) in 8 slots HT.
[38936] 15 Nov 19:38:06 - 0 clients connected (0 slaves), 1072304 bytes in use
[38936] 15 Nov 19:38:11 - DB 0: 8 keys (0 volatile) in 8 slots HT.
[38936] 15 Nov 19:38:11 - 0 clients connected (0 slaves), 1072304 bytes in use
[38936] 15 Nov 19:38:16 - DB 0: 8 keys (0 volatile) in 8 slots HT.
[38936] 15 Nov 19:38:16 - 0 clients connected (0 slaves), 1072304 bytes in use
[38936] 15 Nov 19:38:21 - DB 0: 8 keys (0 volatile) in 8 slots HT.
[38936] 15 Nov 19:38:21 - 0 clients connected (0 slaves), 1072304 bytes in use
[38936] 15 Nov 19:38:25 - Accepted 127.0.0.1:53614
[38936] 15 Nov 19:38:25 * DB saved on disk
[38936] 15 Nov 19:38:25 - Client closed connection
[38936] 15 Nov 19:38:26 - DB 0: 8 keys (0 volatile) in 8 slots HT.
[38936] 15 Nov 19:38:26 - 0 clients connected (0 slaves), 1072304 bytes in use
[38936] 15 Nov 19:38:31 - DB 0: 8 keys (0 volatile) in 8 slots HT.
[38936] 15 Nov 19:38:31 - 0 clients connected (0 slaves), 1072304 bytes in use
[38936] 15 Nov 19:38:36 - DB 0: 8 keys (0 volatile) in 8 slots HT.
[38936] 15 Nov 19:38:36 - 0 clients connected (0 slaves), 1072304 bytes in use
[38936] 15 Nov 19:38:41 - DB 0: 8 keys (0 volatile) in 8 slots HT.
[38936] 15 Nov 19:38:41 - 0 clients connected (0 slaves), 1072304 bytes in use
[38936] 15 Nov 19:38:46 - DB 0: 8 keys (0 volatile) in 8 slots HT.
[38936] 15 Nov 19:38:46 - 0 clients connected (0 slaves), 1072304 bytes in use
[38936] 15 Nov 19:38:51 - DB 0: 8 keys (0 volatile) in 8 slots HT.
[38936] 15 Nov 19:38:51 - 0 clients connected (0 slaves), 1072304 bytes in use
[38936] 15 Nov 19:38:56 - DB 0: 8 keys (0 volatile) in 8 slots HT.
[38936] 15 Nov 19:38:56 - 0 clients connected (0 slaves), 1072304 bytes in use
[38936] 15 Nov 19:39:01 - DB 0: 8 keys (0 volatile) in 8 slots HT.
[38936] 15 Nov 19:39:01 - 0 clients connected (0 slaves), 1072304 bytes in use
[38936] 15 Nov 19:39:06 - DB 0: 8 keys (0 volatile) in 8 slots HT.
[38936] 15 Nov 19:39:06 - 0 clients connected (0 slaves), 1072304 bytes in use
[38936] 15 Nov 19:39:12 - DB 0: 8 keys (0 volatile) in 8 slots HT.
[38936] 15 Nov 19:39:12 - 0 clients connected (0 slaves), 1072304 bytes in use
[38936] 15 Nov 19:39:17 - DB 0: 8 keys (0 volatile) in 8 slots HT.
[38936] 15 Nov 19:39:17 - 0 clients connected (0 slaves), 1072304 bytes in use
[38936] 15 Nov 19:39:22 - DB 0: 8 keys (0 volatile) in 8 slots HT.
[38936] 15 Nov 19:39:22 - 0 clients connected (0 slaves), 1072304 bytes in use
[38936] 15 Nov 19:39:27 - DB 0: 8 keys (0 volatile) in 8 slots HT.
[38936] 15 Nov 19:39:27 - 0 clients connected (0 slaves), 1072304 bytes in use
[38936] 15 Nov 19:39:32 - DB 0: 8 keys (0 volatile) in 8 slots HT.
[38936] 15 Nov 19:39:32 - 0 clients connected (0 slaves), 1072304 bytes in use
[38936] 15 Nov 19:39:37 - DB 0: 8 keys (0 volatile) in 8 slots HT.
[38936] 15 Nov 19:39:37 - 0 clients connected (0 slaves), 1072304 bytes in use
[38936] 15 Nov 19:39:42 - DB 0: 8 keys (0 volatile) in 8 slots HT.
[38936] 15 Nov 19:39:42 - 0 clients connected (0 slaves), 1072304 bytes in use
[38936] 15 Nov 19:39:47 - DB 0: 8 keys (0 volatile) in 8 slots HT.
[38936] 15 Nov 19:39:47 - 0 clients connected (0 slaves), 1072304 bytes in use
[38936] 15 Nov 19:39:52 - DB 0: 8 keys (0 volatile) in 8 slots HT.
[38936] 15 Nov 19:39:52 - 0 clients connected (0 slaves), 1072304 bytes in use
[38936] 15 Nov 19:39:57 - DB 0: 8 keys (0 volatile) in 8 slots HT.
[38936] 15 Nov 19:39:57 - 0 clients connected (0 slaves), 1072304 bytes in use
[38936] 15 Nov 19:40:02 - DB 0: 8 keys (0 volatile) in 8 slots HT.
[38936] 15 Nov 19:40:02 - 0 clients connected (0 slaves), 1072304 bytes in use
[38936] 15 Nov 19:40:07 - DB 0: 8 keys (0 volatile) in 8 slots HT.
[38936] 15 Nov 19:40:07 - 0 clients connected (0 slaves), 1072304 bytes in use
[38936] 15 Nov 19:40:12 - DB 0: 8 keys (0 volatile) in 8 slots HT.
[38936] 15 Nov 19:40:12 - 0 clients connected (0 slaves), 1072304 bytes in use
[38936] 15 Nov 19:40:17 - DB 0: 8 keys (0 volatile) in 8 slots HT.
[38936] 15 Nov 19:40:17 - 0 clients connected (0 slaves), 1072304 bytes in use
[38936] 15 Nov 19:40:22 - DB 0: 8 keys (0 volatile) in 8 slots HT.
[38936] 15 Nov 19:40:22 - 0 clients connected (0 slaves), 1072304 bytes in use
[38936] 15 Nov 19:40:27 - DB 0: 8 keys (0 volatile) in 8 slots HT.
[38936] 15 Nov 19:40:27 - 0 clients connected (0 slaves), 1072304 bytes in use
[38936] 15 Nov 19:40:32 - DB 0: 8 keys (0 volatile) in 8 slots HT.
[38936] 15 Nov 19:40:32 - 0 clients connected (0 slaves), 1072304 bytes in use
[38936] 15 Nov 19:40:37 - DB 0: 8 keys (0 volatile) in 8 slots HT.
[38936] 15 Nov 19:40:37 - 0 clients connected (0 slaves), 1072304 bytes in use
[38936] 15 Nov 19:40:38 - Accepted 127.0.0.1:53622
[38936] 15 Nov 19:40:38 * DB saved on disk
[38936] 15 Nov 19:40:38 - Client closed connection
[38936] 15 Nov 19:40:42 - DB 0: 8 keys (0 volatile) in 8 slots HT.
[38936] 15 Nov 19:40:42 - 0 clients connected (0 slaves), 1072304 bytes in use
[38936] 15 Nov 19:40:47 - DB 0: 8 keys (0 volatile) in 8 slots HT.
[38936] 15 Nov 19:40:47 - 0 clients connected (0 slaves), 1072304 bytes in use
[38936] 15 Nov 19:40:52 - DB 0: 8 keys (0 volatile) in 8 slots HT.
[38936] 15 Nov 19:40:52 - 0 clients connected (0 slaves), 1072304 bytes in use
[38936] 15 Nov 19:40:54 - Accepted 127.0.0.1:53624
[38936] 15 Nov 19:40:54 * DB saved on disk
[38936] 15 Nov 19:40:54 - Client closed connection
[38936] 15 Nov 19:40:57 - DB 0: 8 keys (0 volatile) in 8 slots HT.
[38936] 15 Nov 19:40:57 - 0 clients connected (0 slaves), 1072304 bytes in use
[38936] 15 Nov 19:41:02 - DB 0: 8 keys (0 volatile) in 8 slots HT.
[38936] 15 Nov 19:41:02 - 0 clients connected (0 slaves), 1072304 bytes in use
[38936] 15 Nov 19:41:07 - DB 0: 8 keys (0 volatile) in 8 slots HT.
[38936] 15 Nov 19:41:07 - 0 clients connected (0 slaves), 1072304 bytes in use
[38936] 15 Nov 19:41:12 - DB 0: 8 keys (0 volatile) in 8 slots HT.
[38936] 15 Nov 19:41:12 - 0 clients connected (0 slaves), 1072304 bytes in use
[38936] 15 Nov 19:41:17 - DB 0: 8 keys (0 volatile) in 8 slots HT.
[38936] 15 Nov 19:41:17 - 0 clients connected (0 slaves), 1072304 bytes in use
[38936] 15 Nov 19:41:22 - DB 0: 8 keys (0 volatile) in 8 slots HT.
[38936] 15 Nov 19:41:22 - 0 clients connected (0 slaves), 1072304 bytes in use
[38936] 15 Nov 19:41:27 - DB 0: 8 keys (0 volatile) in 8 slots HT.
[38936] 15 Nov 19:41:27 - 0 clients connected (0 slaves), 1072304 bytes in use
[38936] 15 Nov 19:41:30 - Accepted 127.0.0.1:53628
[38936] 15 Nov 19:41:31 * DB saved on disk
[38936] 15 Nov 19:41:31 - Client closed connection
[38936] 15 Nov 19:41:32 - DB 0: 8 keys (0 volatile) in 8 slots HT.
[38936] 15 Nov 19:41:32 - 0 clients connected (0 slaves), 1072304 bytes in use
[38936] 15 Nov 19:41:37 - DB 0: 8 keys (0 volatile) in 8 slots HT.
[38936] 15 Nov 19:41:37 - 0 clients connected (0 slaves), 1072304 bytes in use
[38936] 15 Nov 19:41:42 - DB 0: 8 keys (0 volatile) in 8 slots HT.
[38936] 15 Nov 19:41:42 - 0 clients connected (0 slaves), 1072304 bytes in use
[38936] 15 Nov 19:41:47 - DB 0: 8 keys (0 volatile) in 8 slots HT.
[38936] 15 Nov 19:41:47 - 0 clients connected (0 slaves), 1072304 bytes in use
[38936] 15 Nov 19:41:52 - DB 0: 8 keys (0 volatile) in 8 slots HT.
[38936] 15 Nov 19:41:52 - 0 clients connected (0 slaves), 1072304 bytes in use
[38936] 15 Nov 19:41:57 - DB 0: 8 keys (0 volatile) in 8 slots HT.
[38936] 15 Nov 19:41:57 - 0 clients connected (0 slaves), 1072304 bytes in use
